2024-04-14 08:17:53,367 INFO: 
Version Information: 
	PyTorch: 1.13.1+cu117
	TorchVision: 0.14.1+cu117
2024-04-14 08:17:53,367 INFO: 
  name: 003_CLIPIQA_RN50_KonIQ10k
  model_type: GeneralIQAModel
  num_gpu: 1
  manual_seed: 123
  datasets:[
    train:[
      name: koniq10k
      type: GeneralNRDataset
      dataroot_target: ./datasets/zdjecia_uczenie
      meta_info_file: ./datasets/meta_info/oceny_zdjec.csv
      split_file: ./datasets/train_split_info/podzial_zbioru_moja_baza.pkl
      mos_max: 5
      augment:[
        hflip: True
        random_crop: 384
      ]
      img_range: 1
      use_shuffle: True
      num_worker_per_gpu: 4
      batch_size_per_gpu: 8
      dataset_enlarge_ratio: 1
      prefetch_mode: None
      phase: train
    ]
    val:[
      name: koniq10k
      type: GeneralNRDataset
      dataroot_target: ./datasets/zdjecia_uczenie
      meta_info_file: ./datasets/meta_info/oceny_zdjec.csv
      split_file: ./datasets/train_split_info/podzial_zbioru_moja_baza.pkl
      mos_max: 5
      num_worker_per_gpu: 4
      batch_size_per_gpu: 1
      phase: val
    ]
  ]
  network:[
    type: CLIPIQA
    model_type: clipiqa+
    backbone: RN50
    pretrained: False
    pos_embedding: True
  ]
  path:[
    pretrain_network_g: None
    strict_load_g: True
    resume_state: None
    experiments_root: H:\Politechnika rzeszowska\8 semestr\Projekt badawczy\IQA-PyTorch-main\experiments\003_CLIPIQA_RN50_KonIQ10k
    models: H:\Politechnika rzeszowska\8 semestr\Projekt badawczy\IQA-PyTorch-main\experiments\003_CLIPIQA_RN50_KonIQ10k\models
    training_states: H:\Politechnika rzeszowska\8 semestr\Projekt badawczy\IQA-PyTorch-main\experiments\003_CLIPIQA_RN50_KonIQ10k\training_states
    log: H:\Politechnika rzeszowska\8 semestr\Projekt badawczy\IQA-PyTorch-main\experiments\003_CLIPIQA_RN50_KonIQ10k
    visualization: H:\Politechnika rzeszowska\8 semestr\Projekt badawczy\IQA-PyTorch-main\experiments\003_CLIPIQA_RN50_KonIQ10k\visualization
  ]
  train:[
    optim:[
      type: Adam
      lr: 0.002
    ]
    scheduler:[
      type: CosineAnnealingLR
      T_max: 50
      eta_min: 0
    ]
    total_iter: 2000000
    total_epoch: 50
    warmup_iter: -1
    mos_loss_opt:[
      type: MSELoss
      loss_weight: 1.0
    ]
    metric_loss_opt:[
      type: PLCCLoss
      loss_weight: 1.0
    ]
  ]
  val:[
    val_freq: 500.0
    save_img: False
    pbar: True
    key_metric: srcc
    metrics:[
      srcc:[
        type: calculate_srcc
      ]
      plcc:[
        type: calculate_plcc
      ]
    ]
  ]
  logger:[
    print_freq: 100
    save_latest_freq: 1000.0
    log_imgs_freq: 1000
    use_tb_logger: True
    wandb:[
      project: None
      resume_id: None
    ]
  ]
  dist_params:[
    backend: nccl
    port: 29500
  ]
  find_unused_parameters: True
  dist: False
  rank: 0
  world_size: 1
  auto_resume: False
  is_train: True
  root_path: H:\Politechnika rzeszowska\8 semestr\Projekt badawczy\IQA-PyTorch-main

2024-04-14 08:17:57,522 INFO: Dataset [GeneralNRDataset] - koniq10k is built.
2024-04-14 08:17:57,522 INFO: Training statistics:
	Number of train images: 4107
	Dataset enlarge ratio: 1
	Batch size per gpu: 8
	World size (gpu number): 1
	Require iter number per epoch: 514
	Total epochs: 50; iters: 25700.
2024-04-14 08:17:57,538 INFO: Dataset [GeneralNRDataset] - koniq10k is built.
2024-04-14 08:17:57,538 INFO: Number of val images/folders in koniq10k: 1027
2024-04-14 08:18:01,302 INFO: Network [CLIPIQA] is created.
2024-04-14 08:18:01,396 INFO: Network: CLIPIQA, with parameters: 16,384
2024-04-14 08:18:01,396 INFO: CLIPIQA(
  (prompt_learner): PromptLearner()
)
2024-04-14 08:18:03,646 INFO: Network [CLIPIQA] is created.
2024-04-14 08:18:03,646 INFO: Loss [MSELoss] is created.
2024-04-14 08:18:03,646 INFO: Loss [PLCCLoss] is created.
2024-04-14 08:18:03,646 INFO: Model [GeneralIQAModel] is created xzxzx.
2024-04-14 08:18:14,285 INFO: Start training from epoch: 0, iter: 0
2024-04-14 08:18:53,245 INFO: [003_C..][epoch:  0, iter:     100, lr:(2.000e-03,)] [eta: 1:34:21, time (data): 0.390 (0.267)] l_mos: 1.3315e-02 l_metric: 9.2569e-03 train_metrics/srcc: 9.6362e-01 train_metrics/plcc: 9.8149e-01 
2024-04-14 08:19:17,632 INFO: [003_C..][epoch:  0, iter:     200, lr:(2.000e-03,)] [eta: 1:38:47, time (data): 0.317 (0.220)] l_mos: 7.1567e-02 l_metric: 1.9082e-01 train_metrics/srcc: 7.3654e-01 train_metrics/plcc: 6.1836e-01 
2024-04-14 08:19:40,353 INFO: [003_C..][epoch:  0, iter:     300, lr:(2.000e-03,)] [eta: 1:37:40, time (data): 0.229 (0.158)] l_mos: 4.1202e-02 l_metric: 1.1684e-01 train_metrics/srcc: 7.6109e-01 train_metrics/plcc: 7.6632e-01 
2024-04-14 08:20:02,365 INFO: [003_C..][epoch:  0, iter:     400, lr:(2.000e-03,)] [eta: 1:36:10, time (data): 0.224 (0.153)] l_mos: 2.6606e-02 l_metric: 8.0651e-02 train_metrics/srcc: 9.3223e-01 train_metrics/plcc: 8.3870e-01 
2024-04-14 08:20:23,656 INFO: [003_C..][epoch:  0, iter:     500, lr:(2.000e-03,)] [eta: 1:34:31, time (data): 0.216 (0.145)] l_mos: 2.3033e-02 l_metric: 5.8191e-02 train_metrics/srcc: 8.6603e-01 train_metrics/plcc: 8.8362e-01 
2024-04-14 08:21:05,334 INFO: Validation xxxxxkoniq10k
	 # srcc: 0.7945	Best: 0.7945 @ 500 iter
	 # plcc: 0.7953	Best: 0.7953 @ 500 iter

2024-04-14 08:21:24,260 INFO: [003_C..][epoch:  1, iter:     600, lr:(1.998e-03,)] [eta: 2:00:39, time (data): 0.202 (0.132)] l_mos: 9.7067e-03 l_metric: 1.0702e-02 train_metrics/srcc: 9.6362e-01 train_metrics/plcc: 9.7860e-01 
2024-04-14 08:21:31,305 INFO: [003_C..][epoch:  1, iter:     700, lr:(1.998e-03,)] [eta: 1:47:13, time (data): 0.070 (0.002)] l_mos: 1.5768e-02 l_metric: 1.8384e-02 train_metrics/srcc: 9.2068e-01 train_metrics/plcc: 9.6323e-01 
2024-04-14 08:21:38,304 INFO: [003_C..][epoch:  1, iter:     800, lr:(1.998e-03,)] [eta: 1:37:05, time (data): 0.070 (0.002)] l_mos: 7.7431e-02 l_metric: 2.3981e-01 train_metrics/srcc: 5.9300e-01 train_metrics/plcc: 5.2038e-01 
2024-04-14 08:21:45,302 INFO: [003_C..][epoch:  1, iter:     900, lr:(1.998e-03,)] [eta: 1:29:10, time (data): 0.070 (0.002)] l_mos: 3.8243e-02 l_metric: 8.8621e-02 train_metrics/srcc: 7.3952e-01 train_metrics/plcc: 8.2276e-01 
2024-04-14 08:21:52,332 INFO: [003_C..][epoch:  1, iter:   1,000, lr:(1.998e-03,)] [eta: 1:22:50, time (data): 0.070 (0.002)] l_mos: 1.2240e-02 l_metric: 3.9779e-02 train_metrics/srcc: 9.3295e-01 train_metrics/plcc: 9.2044e-01 
2024-04-14 08:21:52,332 INFO: Saving latest models and training states.
2024-04-14 08:22:30,955 INFO: Validation xxxxxkoniq10k
	 # srcc: 0.8153	Best: 0.8153 @ 1000 iter
	 # plcc: 0.8086	Best: 0.8086 @ 1000 iter

2024-04-14 08:22:49,795 INFO: [003_C..][epoch:  2, iter:   1,100, lr:(1.992e-03,)] [eta: 1:36:24, time (data): 0.194 (0.123)] l_mos: 2.3559e-02 l_metric: 1.0519e-01 train_metrics/srcc: 6.6712e-01 train_metrics/plcc: 7.8963e-01 
2024-04-14 08:22:56,965 INFO: [003_C..][epoch:  2, iter:   1,200, lr:(1.992e-03,)] [eta: 1:30:27, time (data): 0.131 (0.061)] l_mos: 2.0423e-02 l_metric: 3.7785e-02 train_metrics/srcc: 9.0113e-01 train_metrics/plcc: 9.2443e-01 
2024-04-14 08:23:04,119 INFO: [003_C..][epoch:  2, iter:   1,300, lr:(1.992e-03,)] [eta: 1:25:23, time (data): 0.072 (0.002)] l_mos: 3.6159e-02 l_metric: 2.2016e-01 train_metrics/srcc: 6.7948e-01 train_metrics/plcc: 5.5967e-01 
2024-04-14 08:23:11,180 INFO: [003_C..][epoch:  2, iter:   1,400, lr:(1.992e-03,)] [eta: 1:21:01, time (data): 0.071 (0.002)] l_mos: 2.4842e-02 l_metric: 1.5455e-01 train_metrics/srcc: 6.0075e-01 train_metrics/plcc: 6.9091e-01 
2024-04-14 08:23:18,320 INFO: [003_C..][epoch:  2, iter:   1,500, lr:(1.992e-03,)] [eta: 1:17:13, time (data): 0.071 (0.002)] l_mos: 1.2210e-02 l_metric: 3.8255e-02 train_metrics/srcc: 8.2247e-01 train_metrics/plcc: 9.2349e-01 
2024-04-14 08:23:56,985 INFO: Validation xxxxxkoniq10k
	 # srcc: 0.8360	Best: 0.8360 @ 1500 iter
	 # plcc: 0.8340	Best: 0.8340 @ 1500 iter

2024-04-14 08:24:15,387 INFO: [003_C..][epoch:  3, iter:   1,600, lr:(1.982e-03,)] [eta: 1:26:25, time (data): 0.130 (0.060)] l_mos: 7.3143e-02 l_metric: 4.3342e-01 train_metrics/srcc: 7.3654e-02 train_metrics/plcc: 1.3317e-01 
2024-04-14 08:24:22,388 INFO: [003_C..][epoch:  3, iter:   1,700, lr:(1.982e-03,)] [eta: 1:22:38, time (data): 0.070 (0.003)] l_mos: 5.5652e-02 l_metric: 1.8838e-01 train_metrics/srcc: 6.3834e-01 train_metrics/plcc: 6.2324e-01 
2024-04-14 08:24:29,386 INFO: [003_C..][epoch:  3, iter:   1,800, lr:(1.982e-03,)] [eta: 1:19:16, time (data): 0.070 (0.002)] l_mos: 8.4959e-03 l_metric: 3.0126e-02 train_metrics/srcc: 7.4067e-01 train_metrics/plcc: 9.3975e-01 
2024-04-14 08:24:36,385 INFO: [003_C..][epoch:  3, iter:   1,900, lr:(1.982e-03,)] [eta: 1:16:15, time (data): 0.070 (0.002)] l_mos: 1.9127e-02 l_metric: 6.9586e-03 train_metrics/srcc: 9.6362e-01 train_metrics/plcc: 9.8608e-01 
2024-04-14 08:24:43,383 INFO: [003_C..][epoch:  3, iter:   2,000, lr:(1.982e-03,)] [eta: 1:13:31, time (data): 0.070 (0.002)] l_mos: 2.7997e-02 l_metric: 7.1585e-02 train_metrics/srcc: 8.3650e-01 train_metrics/plcc: 8.5683e-01 
2024-04-14 08:24:43,383 INFO: Saving latest models and training states.
2024-04-14 08:25:22,163 INFO: Validation xxxxxkoniq10k
	 # srcc: 0.8471	Best: 0.8471 @ 2000 iter
	 # plcc: 0.8405	Best: 0.8405 @ 2000 iter

2024-04-14 08:25:40,675 INFO: [003_C..][epoch:  4, iter:   2,100, lr:(1.969e-03,)] [eta: 1:20:27, time (data): 0.198 (0.125)] l_mos: 1.8235e-02 l_metric: 7.6345e-02 train_metrics/srcc: 7.9792e-01 train_metrics/plcc: 8.4731e-01 
2024-04-14 08:25:47,658 INFO: [003_C..][epoch:  4, iter:   2,200, lr:(1.969e-03,)] [eta: 1:17:42, time (data): 0.130 (0.061)] l_mos: 2.2682e-02 l_metric: 5.6154e-02 train_metrics/srcc: 8.4702e-01 train_metrics/plcc: 8.8769e-01 
2024-04-14 08:25:54,672 INFO: [003_C..][epoch:  4, iter:   2,300, lr:(1.969e-03,)] [eta: 1:15:12, time (data): 0.070 (0.002)] l_mos: 1.3470e-02 l_metric: 3.9583e-02 train_metrics/srcc: 9.4561e-01 train_metrics/plcc: 9.2083e-01 
2024-04-14 08:26:01,686 INFO: [003_C..][epoch:  4, iter:   2,400, lr:(1.969e-03,)] [eta: 1:12:54, time (data): 0.070 (0.002)] l_mos: 5.6618e-03 l_metric: 8.8800e-03 train_metrics/srcc: 9.3223e-01 train_metrics/plcc: 9.8224e-01 
2024-04-14 08:26:08,700 INFO: [003_C..][epoch:  4, iter:   2,500, lr:(1.969e-03,)] [eta: 1:10:46, time (data): 0.070 (0.002)] l_mos: 2.2059e-02 l_metric: 4.6446e-02 train_metrics/srcc: 8.6838e-01 train_metrics/plcc: 9.0711e-01 
2024-04-14 08:26:47,200 INFO: Validation xxxxxkoniq10k
	 # srcc: 0.8481	Best: 0.8481 @ 2500 iter
	 # plcc: 0.8470	Best: 0.8470 @ 2500 iter

2024-04-14 08:27:05,727 INFO: [003_C..][epoch:  5, iter:   2,600, lr:(1.951e-03,)] [eta: 1:16:12, time (data): 0.131 (0.062)] l_mos: 7.6879e-02 l_metric: 3.0150e-01 train_metrics/srcc: 4.2004e-01 train_metrics/plcc: 3.9699e-01 
2024-04-14 08:27:12,741 INFO: [003_C..][epoch:  5, iter:   2,700, lr:(1.951e-03,)] [eta: 1:14:03, time (data): 0.070 (0.002)] l_mos: 8.1625e-03 l_metric: 2.6856e-02 train_metrics/srcc: 8.4008e-01 train_metrics/plcc: 9.4629e-01 
2024-04-14 08:27:19,755 INFO: [003_C..][epoch:  5, iter:   2,800, lr:(1.951e-03,)] [eta: 1:12:03, time (data): 0.070 (0.002)] l_mos: 8.6565e-03 l_metric: 3.8153e-02 train_metrics/srcc: 7.7898e-01 train_metrics/plcc: 9.2369e-01 
2024-04-14 08:27:26,755 INFO: [003_C..][epoch:  5, iter:   2,900, lr:(1.951e-03,)] [eta: 1:10:11, time (data): 0.070 (0.002)] l_mos: 1.9608e-02 l_metric: 8.3416e-02 train_metrics/srcc: 8.2773e-01 train_metrics/plcc: 8.3317e-01 
2024-04-14 08:27:33,753 INFO: [003_C..][epoch:  5, iter:   3,000, lr:(1.951e-03,)] [eta: 1:08:25, time (data): 0.070 (0.002)] l_mos: 1.2706e-02 l_metric: 9.0510e-02 train_metrics/srcc: 2.7386e-01 train_metrics/plcc: 8.1898e-01 
2024-04-14 08:27:33,753 INFO: Saving latest models and training states.
2024-04-14 08:28:12,042 INFO: Validation xxxxxkoniq10k
	 # srcc: 0.8382	Best: 0.8481 @ 2500 iter
	 # plcc: 0.8334	Best: 0.8470 @ 2500 iter

2024-04-14 08:28:30,578 INFO: [003_C..][epoch:  6, iter:   3,100, lr:(1.930e-03,)] [eta: 1:12:50, time (data): 0.205 (0.134)] l_mos: 2.6666e-02 l_metric: 5.1080e-02 train_metrics/srcc: 7.8072e-01 train_metrics/plcc: 8.9784e-01 
2024-04-14 08:28:37,592 INFO: [003_C..][epoch:  6, iter:   3,200, lr:(1.930e-03,)] [eta: 1:11:04, time (data): 0.132 (0.063)] l_mos: 3.5645e-02 l_metric: 1.5918e-01 train_metrics/srcc: 7.0088e-01 train_metrics/plcc: 6.8164e-01 
2024-04-14 08:28:44,621 INFO: [003_C..][epoch:  6, iter:   3,300, lr:(1.930e-03,)] [eta: 1:09:24, time (data): 0.070 (0.002)] l_mos: 1.3940e-02 l_metric: 2.9287e-02 train_metrics/srcc: 9.0185e-01 train_metrics/plcc: 9.4143e-01 
2024-04-14 08:28:51,620 INFO: [003_C..][epoch:  6, iter:   3,400, lr:(1.930e-03,)] [eta: 1:07:49, time (data): 0.070 (0.002)] l_mos: 2.5992e-03 l_metric: 7.0032e-03 train_metrics/srcc: 9.6362e-01 train_metrics/plcc: 9.8599e-01 
2024-04-14 08:28:58,650 INFO: [003_C..][epoch:  6, iter:   3,500, lr:(1.930e-03,)] [eta: 1:06:20, time (data): 0.070 (0.002)] l_mos: 2.1229e-02 l_metric: 3.7520e-02 train_metrics/srcc: 8.8499e-01 train_metrics/plcc: 9.2496e-01 
2024-04-14 08:29:37,084 INFO: Validation xxxxxkoniq10k
	 # srcc: 0.8362	Best: 0.8481 @ 2500 iter
	 # plcc: 0.8379	Best: 0.8470 @ 2500 iter

2024-04-14 08:29:55,455 INFO: [003_C..][epoch:  7, iter:   3,600, lr:(1.905e-03,)] [eta: 1:10:01, time (data): 0.132 (0.063)] l_mos: 1.5526e-02 l_metric: 1.0294e-01 train_metrics/srcc: 8.4008e-01 train_metrics/plcc: 7.9411e-01 
2024-04-14 08:30:02,485 INFO: [003_C..][epoch:  7, iter:   3,700, lr:(1.905e-03,)] [eta: 1:08:30, time (data): 0.070 (0.002)] l_mos: 4.7038e-03 l_metric: 1.8468e-02 train_metrics/srcc: 9.5119e-01 train_metrics/plcc: 9.6306e-01 
2024-04-14 08:30:09,468 INFO: [003_C..][epoch:  7, iter:   3,800, lr:(1.905e-03,)] [eta: 1:07:04, time (data): 0.070 (0.002)] l_mos: 6.2567e-02 l_metric: 2.9831e-01 train_metrics/srcc: 4.8795e-01 train_metrics/plcc: 4.0337e-01 
2024-04-14 08:30:16,482 INFO: [003_C..][epoch:  7, iter:   3,900, lr:(1.905e-03,)] [eta: 1:05:42, time (data): 0.070 (0.002)] l_mos: 2.2166e-02 l_metric: 6.2032e-02 train_metrics/srcc: 9.0185e-01 train_metrics/plcc: 8.7594e-01 
2024-04-14 08:30:23,495 INFO: [003_C..][epoch:  7, iter:   4,000, lr:(1.905e-03,)] [eta: 1:04:24, time (data): 0.070 (0.002)] l_mos: 1.1012e-02 l_metric: 2.9715e-02 train_metrics/srcc: 9.8198e-01 train_metrics/plcc: 9.4057e-01 
2024-04-14 08:30:23,495 INFO: Saving latest models and training states.
2024-04-14 08:31:01,876 INFO: Validation xxxxxkoniq10k
	 # srcc: 0.8452	Best: 0.8481 @ 2500 iter
	 # plcc: 0.8446	Best: 0.8470 @ 2500 iter

2024-04-14 08:31:08,890 INFO: [003_C..][epoch:  7, iter:   4,100, lr:(1.905e-03,)] [eta: 1:06:32, time (data): 0.070 (0.003)] l_mos: 2.2762e-02 l_metric: 9.9678e-02 train_metrics/srcc: 7.2297e-01 train_metrics/plcc: 8.0064e-01 
2024-04-14 08:31:27,354 INFO: [003_C..][epoch:  8, iter:   4,200, lr:(1.876e-03,)] [eta: 1:06:13, time (data): 0.134 (0.064)] l_mos: 3.6036e-03 l_metric: 5.1581e-03 train_metrics/srcc: 9.6362e-01 train_metrics/plcc: 9.8968e-01 
2024-04-14 08:31:34,602 INFO: [003_C..][epoch:  8, iter:   4,300, lr:(1.876e-03,)] [eta: 1:04:59, time (data): 0.072 (0.002)] l_mos: 1.3674e-02 l_metric: 3.0279e-02 train_metrics/srcc: 8.8385e-01 train_metrics/plcc: 9.3944e-01 
2024-04-14 08:31:41,601 INFO: [003_C..][epoch:  8, iter:   4,400, lr:(1.876e-03,)] [eta: 1:03:46, time (data): 0.071 (0.001)] l_mos: 2.0402e-02 l_metric: 7.3330e-02 train_metrics/srcc: 7.7831e-01 train_metrics/plcc: 8.5334e-01 
2024-04-14 08:31:48,615 INFO: [003_C..][epoch:  8, iter:   4,500, lr:(1.876e-03,)] [eta: 1:02:37, time (data): 0.070 (0.001)] l_mos: 2.0686e-02 l_metric: 8.3566e-02 train_metrics/srcc: 8.8950e-01 train_metrics/plcc: 8.3287e-01 
2024-04-14 08:32:27,115 INFO: Validation xxxxxkoniq10k
	 # srcc: 0.8349	Best: 0.8481 @ 2500 iter
	 # plcc: 0.8327	Best: 0.8470 @ 2500 iter

2024-04-14 08:32:34,145 INFO: [003_C..][epoch:  8, iter:   4,600, lr:(1.876e-03,)] [eta: 1:04:26, time (data): 0.070 (0.002)] l_mos: 3.4126e-02 l_metric: 1.4988e-01 train_metrics/srcc: 6.0151e-01 train_metrics/plcc: 7.0024e-01 
2024-04-14 08:32:52,547 INFO: [003_C..][epoch:  9, iter:   4,700, lr:(1.844e-03,)] [eta: 1:04:08, time (data): 0.070 (0.002)] l_mos: 4.4020e-02 l_metric: 1.1794e-01 train_metrics/srcc: 7.6376e-01 train_metrics/plcc: 7.6412e-01 
2024-04-14 08:32:59,560 INFO: [003_C..][epoch:  9, iter:   4,800, lr:(1.844e-03,)] [eta: 1:03:01, time (data): 0.070 (0.002)] l_mos: 7.2532e-03 l_metric: 9.9830e-03 train_metrics/srcc: 9.2656e-01 train_metrics/plcc: 9.8003e-01 
2024-04-14 08:33:06,574 INFO: [003_C..][epoch:  9, iter:   4,900, lr:(1.844e-03,)] [eta: 1:01:56, time (data): 0.070 (0.002)] l_mos: 1.2643e-02 l_metric: 3.2745e-02 train_metrics/srcc: 9.2068e-01 train_metrics/plcc: 9.3451e-01 
2024-04-14 08:33:13,573 INFO: [003_C..][epoch:  9, iter:   5,000, lr:(1.844e-03,)] [eta: 1:00:53, time (data): 0.070 (0.002)] l_mos: 4.2924e-02 l_metric: 5.5780e-01 train_metrics/srcc: -2.9372e-01 train_metrics/plcc: -1.1561e-01 
2024-04-14 08:33:13,573 INFO: Saving latest models and training states.
2024-04-14 08:33:51,999 INFO: Validation xxxxxkoniq10k
	 # srcc: 0.8524	Best: 0.8524 @ 5000 iter
	 # plcc: 0.8526	Best: 0.8526 @ 5000 iter

2024-04-14 08:33:59,013 INFO: [003_C..][epoch:  9, iter:   5,100, lr:(1.844e-03,)] [eta: 1:02:27, time (data): 0.070 (0.002)] l_mos: 1.6378e-02 l_metric: 8.9207e-02 train_metrics/srcc: 8.5561e-01 train_metrics/plcc: 8.2159e-01 
2024-04-14 08:34:17,431 INFO: [003_C..][epoch: 10, iter:   5,200, lr:(1.809e-03,)] [eta: 1:02:10, time (data): 0.135 (0.066)] l_mos: 2.5074e-02 l_metric: 1.2846e-01 train_metrics/srcc: 8.4008e-01 train_metrics/plcc: 7.4308e-01 
2024-04-14 08:34:24,434 INFO: [003_C..][epoch: 10, iter:   5,300, lr:(1.809e-03,)] [eta: 1:01:09, time (data): 0.070 (0.002)] l_mos: 6.8271e-03 l_metric: 5.8204e-03 train_metrics/srcc: 9.6362e-01 train_metrics/plcc: 9.8836e-01 
2024-04-14 08:34:31,433 INFO: [003_C..][epoch: 10, iter:   5,400, lr:(1.809e-03,)] [eta: 1:00:10, time (data): 0.070 (0.002)] l_mos: 6.2699e-02 l_metric: 1.9327e-01 train_metrics/srcc: 6.8744e-01 train_metrics/plcc: 6.1346e-01 
2024-04-14 08:34:38,463 INFO: [003_C..][epoch: 10, iter:   5,500, lr:(1.809e-03,)] [eta: 0:59:12, time (data): 0.070 (0.002)] l_mos: 7.4073e-03 l_metric: 2.6681e-02 train_metrics/srcc: 9.6362e-01 train_metrics/plcc: 9.4664e-01 
2024-04-14 08:35:16,877 INFO: Validation xxxxxkoniq10k
	 # srcc: 0.8446	Best: 0.8524 @ 5000 iter
	 # plcc: 0.8406	Best: 0.8526 @ 5000 iter

2024-04-14 08:35:23,906 INFO: [003_C..][epoch: 10, iter:   5,600, lr:(1.809e-03,)] [eta: 1:00:35, time (data): 0.070 (0.002)] l_mos: 2.9913e-02 l_metric: 6.6002e-02 train_metrics/srcc: 8.5244e-01 train_metrics/plcc: 8.6800e-01 
2024-04-14 08:35:42,293 INFO: [003_C..][epoch: 11, iter:   5,700, lr:(1.771e-03,)] [eta: 1:00:18, time (data): 0.228 (0.157)] l_mos: 2.0231e-02 l_metric: 8.3495e-02 train_metrics/srcc: 5.1558e-01 train_metrics/plcc: 8.3301e-01 
2024-04-14 08:35:49,276 INFO: [003_C..][epoch: 11, iter:   5,800, lr:(1.771e-03,)] [eta: 0:59:21, time (data): 0.136 (0.067)] l_mos: 1.2373e-02 l_metric: 2.1577e-02 train_metrics/srcc: 9.5119e-01 train_metrics/plcc: 9.5685e-01 
2024-04-14 08:35:56,290 INFO: [003_C..][epoch: 11, iter:   5,900, lr:(1.771e-03,)] [eta: 0:58:27, time (data): 0.070 (0.002)] l_mos: 1.0683e-02 l_metric: 2.7594e-02 train_metrics/srcc: 9.5773e-01 train_metrics/plcc: 9.4481e-01 
2024-04-14 08:36:03,288 INFO: [003_C..][epoch: 11, iter:   6,000, lr:(1.771e-03,)] [eta: 0:57:34, time (data): 0.070 (0.002)] l_mos: 1.2852e-02 l_metric: 9.5698e-03 train_metrics/srcc: 8.4515e-01 train_metrics/plcc: 9.8086e-01 
2024-04-14 08:36:03,288 INFO: Saving latest models and training states.
2024-04-14 08:36:41,828 INFO: Validation xxxxxkoniq10k
	 # srcc: 0.8355	Best: 0.8524 @ 5000 iter
	 # plcc: 0.8355	Best: 0.8526 @ 5000 iter

2024-04-14 08:36:48,858 INFO: [003_C..][epoch: 11, iter:   6,100, lr:(1.771e-03,)] [eta: 0:58:47, time (data): 0.070 (0.002)] l_mos: 2.1773e-02 l_metric: 8.2822e-02 train_metrics/srcc: 9.2656e-01 train_metrics/plcc: 8.3436e-01 
2024-04-14 08:37:07,369 INFO: [003_C..][epoch: 12, iter:   6,200, lr:(1.729e-03,)] [eta: 0:58:30, time (data): 0.138 (0.068)] l_mos: 1.5152e-02 l_metric: 2.4418e-02 train_metrics/srcc: 9.5119e-01 train_metrics/plcc: 9.5116e-01 
2024-04-14 08:37:14,368 INFO: [003_C..][epoch: 12, iter:   6,300, lr:(1.729e-03,)] [eta: 0:57:38, time (data): 0.070 (0.002)] l_mos: 3.1660e-02 l_metric: 5.3549e-02 train_metrics/srcc: 8.5106e-01 train_metrics/plcc: 8.9290e-01 
2024-04-14 08:37:21,382 INFO: [003_C..][epoch: 12, iter:   6,400, lr:(1.729e-03,)] [eta: 0:56:48, time (data): 0.070 (0.002)] l_mos: 8.9213e-03 l_metric: 2.1541e-02 train_metrics/srcc: 9.3349e-01 train_metrics/plcc: 9.5692e-01 
2024-04-14 08:37:28,403 INFO: [003_C..][epoch: 12, iter:   6,500, lr:(1.729e-03,)] [eta: 0:55:59, time (data): 0.070 (0.002)] l_mos: 1.4026e-02 l_metric: 1.1513e-01 train_metrics/srcc: 7.5638e-01 train_metrics/plcc: 7.6975e-01 
2024-04-14 08:38:07,081 INFO: Validation xxxxxkoniq10k
	 # srcc: 0.8436	Best: 0.8524 @ 5000 iter
	 # plcc: 0.8398	Best: 0.8526 @ 5000 iter

2024-04-14 08:38:14,095 INFO: [003_C..][epoch: 12, iter:   6,600, lr:(1.729e-03,)] [eta: 0:57:03, time (data): 0.070 (0.002)] l_mos: 1.9154e-02 l_metric: 2.9958e-02 train_metrics/srcc: 9.5119e-01 train_metrics/plcc: 9.4008e-01 
2024-04-14 08:38:32,616 INFO: [003_C..][epoch: 13, iter:   6,700, lr:(1.685e-03,)] [eta: 0:56:47, time (data): 0.242 (0.169)] l_mos: 1.2935e-02 l_metric: 4.2684e-02 train_metrics/srcc: 8.2773e-01 train_metrics/plcc: 9.1463e-01 
2024-04-14 08:38:39,617 INFO: [003_C..][epoch: 13, iter:   6,800, lr:(1.685e-03,)] [eta: 0:55:58, time (data): 0.139 (0.069)] l_mos: 3.3845e-02 l_metric: 1.0539e-01 train_metrics/srcc: 7.4067e-01 train_metrics/plcc: 7.8921e-01 
2024-04-14 08:38:46,646 INFO: [003_C..][epoch: 13, iter:   6,900, lr:(1.685e-03,)] [eta: 0:55:11, time (data): 0.070 (0.001)] l_mos: 2.3573e-02 l_metric: 1.4677e-01 train_metrics/srcc: 5.4554e-01 train_metrics/plcc: 7.0646e-01 
2024-04-14 08:38:53,660 INFO: [003_C..][epoch: 13, iter:   7,000, lr:(1.685e-03,)] [eta: 0:54:25, time (data): 0.070 (0.002)] l_mos: 4.0900e-02 l_metric: 5.5961e-02 train_metrics/srcc: 9.6362e-01 train_metrics/plcc: 8.8808e-01 
2024-04-14 08:38:53,660 INFO: Saving latest models and training states.
2024-04-14 08:39:32,231 INFO: Validation xxxxxkoniq10k
	 # srcc: 0.8456	Best: 0.8524 @ 5000 iter
	 # plcc: 0.8451	Best: 0.8526 @ 5000 iter

2024-04-14 08:39:39,245 INFO: [003_C..][epoch: 13, iter:   7,100, lr:(1.685e-03,)] [eta: 0:55:22, time (data): 0.070 (0.001)] l_mos: 3.2201e-02 l_metric: 1.0134e-01 train_metrics/srcc: 5.2566e-01 train_metrics/plcc: 7.9732e-01 
2024-04-14 08:39:57,678 INFO: [003_C..][epoch: 14, iter:   7,200, lr:(1.637e-03,)] [eta: 0:55:05, time (data): 0.139 (0.069)] l_mos: 1.9304e-02 l_metric: 6.2383e-02 train_metrics/srcc: 7.6376e-01 train_metrics/plcc: 8.7523e-01 
2024-04-14 08:40:04,677 INFO: [003_C..][epoch: 14, iter:   7,300, lr:(1.637e-03,)] [eta: 0:54:20, time (data): 0.070 (0.001)] l_mos: 4.2539e-02 l_metric: 1.1338e-01 train_metrics/srcc: 8.2295e-01 train_metrics/plcc: 7.7324e-01 
2024-04-14 08:40:11,675 INFO: [003_C..][epoch: 14, iter:   7,400, lr:(1.637e-03,)] [eta: 0:53:36, time (data): 0.070 (0.002)] l_mos: 4.4920e-02 l_metric: 1.6048e-01 train_metrics/srcc: 6.5061e-01 train_metrics/plcc: 6.7903e-01 
2024-04-14 08:40:18,736 INFO: [003_C..][epoch: 14, iter:   7,500, lr:(1.637e-03,)] [eta: 0:52:53, time (data): 0.071 (0.003)] l_mos: 2.6576e-02 l_metric: 3.1500e-01 train_metrics/srcc: 3.2541e-01 train_metrics/plcc: 3.7000e-01 
2024-04-14 08:40:57,241 INFO: Validation xxxxxkoniq10k
	 # srcc: 0.8496	Best: 0.8524 @ 5000 iter
	 # plcc: 0.8465	Best: 0.8526 @ 5000 iter

2024-04-14 08:41:04,256 INFO: [003_C..][epoch: 14, iter:   7,600, lr:(1.637e-03,)] [eta: 0:53:42, time (data): 0.070 (0.002)] l_mos: 3.7355e-03 l_metric: 1.3759e-02 train_metrics/srcc: 9.3223e-01 train_metrics/plcc: 9.7248e-01 
2024-04-14 08:41:22,745 INFO: [003_C..][epoch: 15, iter:   7,700, lr:(1.588e-03,)] [eta: 0:53:26, time (data): 0.255 (0.183)] l_mos: 4.6769e-02 l_metric: 1.6174e-01 train_metrics/srcc: 7.1654e-01 train_metrics/plcc: 6.7651e-01 
2024-04-14 08:41:29,743 INFO: [003_C..][epoch: 15, iter:   7,800, lr:(1.588e-03,)] [eta: 0:52:43, time (data): 0.141 (0.071)] l_mos: 2.1809e-02 l_metric: 9.4183e-02 train_metrics/srcc: 6.3901e-01 train_metrics/plcc: 8.1163e-01 
2024-04-14 08:41:36,757 INFO: [003_C..][epoch: 15, iter:   7,900, lr:(1.588e-03,)] [eta: 0:52:01, time (data): 0.070 (0.001)] l_mos: 3.8054e-02 l_metric: 2.0202e-01 train_metrics/srcc: 5.6578e-01 train_metrics/plcc: 5.9596e-01 
2024-04-14 08:41:43,756 INFO: [003_C..][epoch: 15, iter:   8,000, lr:(1.588e-03,)] [eta: 0:51:21, time (data): 0.070 (0.001)] l_mos: 2.1904e-02 l_metric: 6.4459e-02 train_metrics/srcc: 7.8565e-01 train_metrics/plcc: 8.7108e-01 
2024-04-14 08:41:43,756 INFO: Saving latest models and training states.
2024-04-14 08:42:22,350 INFO: Validation xxxxxkoniq10k
	 # srcc: 0.8565	Best: 0.8565 @ 8000 iter
	 # plcc: 0.8518	Best: 0.8518 @ 8000 iter

2024-04-14 08:42:29,364 INFO: [003_C..][epoch: 15, iter:   8,100, lr:(1.588e-03,)] [eta: 0:52:04, time (data): 0.070 (0.003)] l_mos: 1.4626e-02 l_metric: 5.9239e-02 train_metrics/srcc: 7.7152e-01 train_metrics/plcc: 8.8152e-01 
2024-04-14 08:42:36,394 INFO: [003_C..][epoch: 15, iter:   8,200, lr:(1.588e-03,)] [eta: 0:51:24, time (data): 0.070 (0.002)] l_mos: 1.7093e-02 l_metric: 1.0821e-01 train_metrics/srcc: 7.5094e-01 train_metrics/plcc: 7.8358e-01 
2024-04-14 08:42:54,842 INFO: [003_C..][epoch: 16, iter:   8,300, lr:(1.536e-03,)] [eta: 0:51:08, time (data): 0.070 (0.002)] l_mos: 2.2214e-02 l_metric: 5.9885e-02 train_metrics/srcc: 7.9792e-01 train_metrics/plcc: 8.8023e-01 
2024-04-14 08:43:01,841 INFO: [003_C..][epoch: 16, iter:   8,400, lr:(1.536e-03,)] [eta: 0:50:28, time (data): 0.070 (0.002)] l_mos: 1.8040e-02 l_metric: 3.1652e-02 train_metrics/srcc: 8.6479e-01 train_metrics/plcc: 9.3670e-01 
2024-04-14 08:43:08,855 INFO: [003_C..][epoch: 16, iter:   8,500, lr:(1.536e-03,)] [eta: 0:49:50, time (data): 0.070 (0.002)] l_mos: 6.9968e-03 l_metric: 2.8312e-02 train_metrics/srcc: 9.3349e-01 train_metrics/plcc: 9.4338e-01 
2024-04-14 08:43:47,362 INFO: Validation xxxxxkoniq10k
	 # srcc: 0.8474	Best: 0.8565 @ 8000 iter
	 # plcc: 0.8453	Best: 0.8518 @ 8000 iter

2024-04-14 08:43:54,392 INFO: [003_C..][epoch: 16, iter:   8,600, lr:(1.536e-03,)] [eta: 0:50:28, time (data): 0.070 (0.002)] l_mos: 2.0392e-02 l_metric: 7.1280e-02 train_metrics/srcc: 8.9712e-01 train_metrics/plcc: 8.5744e-01 
2024-04-14 08:44:01,422 INFO: [003_C..][epoch: 16, iter:   8,700, lr:(1.536e-03,)] [eta: 0:49:50, time (data): 0.070 (0.001)] l_mos: 6.0574e-03 l_metric: 1.4841e-02 train_metrics/srcc: 9.6362e-01 train_metrics/plcc: 9.7032e-01 
2024-04-14 08:44:19,855 INFO: [003_C..][epoch: 17, iter:   8,800, lr:(1.482e-03,)] [eta: 0:49:34, time (data): 0.143 (0.073)] l_mos: 4.8535e-02 l_metric: 1.5763e-01 train_metrics/srcc: 7.2591e-01 train_metrics/plcc: 6.8474e-01 
2024-04-14 08:44:26,885 INFO: [003_C..][epoch: 17, iter:   8,900, lr:(1.482e-03,)] [eta: 0:48:56, time (data): 0.071 (0.001)] l_mos: 2.4891e-02 l_metric: 8.1521e-02 train_metrics/srcc: 9.0185e-01 train_metrics/plcc: 8.3696e-01 
2024-04-14 08:44:33,884 INFO: [003_C..][epoch: 17, iter:   9,000, lr:(1.482e-03,)] [eta: 0:48:19, time (data): 0.070 (0.001)] l_mos: 1.6565e-02 l_metric: 8.4850e-02 train_metrics/srcc: 6.7585e-01 train_metrics/plcc: 8.3030e-01 
2024-04-14 08:44:33,884 INFO: Saving latest models and training states.
2024-04-14 08:45:12,547 INFO: Validation xxxxxkoniq10k
	 # srcc: 0.8554	Best: 0.8565 @ 8000 iter
	 # plcc: 0.8523	Best: 0.8518 @ 8000 iter

2024-04-14 08:45:19,639 INFO: [003_C..][epoch: 17, iter:   9,100, lr:(1.482e-03,)] [eta: 0:48:54, time (data): 0.070 (0.001)] l_mos: 3.3335e-02 l_metric: 2.0810e-01 train_metrics/srcc: 5.1887e-01 train_metrics/plcc: 5.8381e-01 
2024-04-14 08:45:26,669 INFO: [003_C..][epoch: 17, iter:   9,200, lr:(1.482e-03,)] [eta: 0:48:17, time (data): 0.070 (0.001)] l_mos: 9.2494e-03 l_metric: 1.7039e-02 train_metrics/srcc: 8.6603e-01 train_metrics/plcc: 9.6592e-01 
2024-04-14 08:45:45,118 INFO: [003_C..][epoch: 18, iter:   9,300, lr:(1.426e-03,)] [eta: 0:48:01, time (data): 0.070 (0.001)] l_mos: 1.6386e-02 l_metric: 2.2452e-02 train_metrics/srcc: 8.9392e-01 train_metrics/plcc: 9.5510e-01 
2024-04-14 08:45:52,132 INFO: [003_C..][epoch: 18, iter:   9,400, lr:(1.426e-03,)] [eta: 0:47:25, time (data): 0.070 (0.002)] l_mos: 2.6500e-02 l_metric: 1.2589e-01 train_metrics/srcc: 8.0013e-01 train_metrics/plcc: 7.4821e-01 
2024-04-14 08:45:59,146 INFO: [003_C..][epoch: 18, iter:   9,500, lr:(1.426e-03,)] [eta: 0:46:50, time (data): 0.070 (0.001)] l_mos: 1.6244e-02 l_metric: 2.0219e-02 train_metrics/srcc: 9.3349e-01 train_metrics/plcc: 9.5956e-01 
2024-04-14 08:46:37,668 INFO: Validation xxxxxkoniq10k
	 # srcc: 0.8572	Best: 0.8572 @ 9500 iter
	 # plcc: 0.8547	Best: 0.8547 @ 9500 iter

2024-04-14 08:46:44,698 INFO: [003_C..][epoch: 18, iter:   9,600, lr:(1.426e-03,)] [eta: 0:47:20, time (data): 0.070 (0.001)] l_mos: 1.1570e-02 l_metric: 1.9088e-02 train_metrics/srcc: 9.6362e-01 train_metrics/plcc: 9.6182e-01 
2024-04-14 08:46:51,712 INFO: [003_C..][epoch: 18, iter:   9,700, lr:(1.426e-03,)] [eta: 0:46:44, time (data): 0.070 (0.002)] l_mos: 2.5284e-02 l_metric: 5.5275e-02 train_metrics/srcc: 8.7158e-01 train_metrics/plcc: 8.8945e-01 
2024-04-14 08:47:10,224 INFO: [003_C..][epoch: 19, iter:   9,800, lr:(1.368e-03,)] [eta: 0:46:29, time (data): 0.146 (0.075)] l_mos: 1.2506e-02 l_metric: 5.7742e-02 train_metrics/srcc: 9.6362e-01 train_metrics/plcc: 8.8452e-01 
2024-04-14 08:47:17,269 INFO: [003_C..][epoch: 19, iter:   9,900, lr:(1.368e-03,)] [eta: 0:45:54, time (data): 0.071 (0.005)] l_mos: 2.6203e-03 l_metric: 1.3266e-02 train_metrics/srcc: 9.3223e-01 train_metrics/plcc: 9.7347e-01 
2024-04-14 08:47:24,267 INFO: [003_C..][epoch: 19, iter:  10,000, lr:(1.368e-03,)] [eta: 0:45:20, time (data): 0.070 (0.003)] l_mos: 2.0730e-02 l_metric: 7.9921e-02 train_metrics/srcc: 7.2427e-01 train_metrics/plcc: 8.4016e-01 
2024-04-14 08:47:24,267 INFO: Saving latest models and training states.
2024-04-14 08:48:02,711 INFO: Validation xxxxxkoniq10k
	 # srcc: 0.8531	Best: 0.8572 @ 9500 iter
	 # plcc: 0.8515	Best: 0.8547 @ 9500 iter

2024-04-14 08:48:09,742 INFO: [003_C..][epoch: 19, iter:  10,100, lr:(1.368e-03,)] [eta: 0:45:47, time (data): 0.070 (0.002)] l_mos: 1.1059e-02 l_metric: 2.4202e-02 train_metrics/srcc: 9.5119e-01 train_metrics/plcc: 9.5160e-01 
2024-04-14 08:48:16,741 INFO: [003_C..][epoch: 19, iter:  10,200, lr:(1.368e-03,)] [eta: 0:45:13, time (data): 0.070 (0.002)] l_mos: 1.7268e-02 l_metric: 3.1192e-02 train_metrics/srcc: 9.0113e-01 train_metrics/plcc: 9.3762e-01 
2024-04-14 08:48:35,029 INFO: [003_C..][epoch: 20, iter:  10,300, lr:(1.309e-03,)] [eta: 0:44:56, time (data): 0.301 (0.230)] l_mos: 1.5714e-02 l_metric: 3.1604e-02 train_metrics/srcc: 9.5119e-01 train_metrics/plcc: 9.3679e-01 
2024-04-14 08:48:42,028 INFO: [003_C..][epoch: 20, iter:  10,400, lr:(1.309e-03,)] [eta: 0:44:24, time (data): 0.146 (0.077)] l_mos: 3.8933e-02 l_metric: 1.5105e-01 train_metrics/srcc: 7.1513e-01 train_metrics/plcc: 6.9791e-01 
2024-04-14 08:48:49,026 INFO: [003_C..][epoch: 20, iter:  10,500, lr:(1.309e-03,)] [eta: 0:43:51, time (data): 0.070 (0.002)] l_mos: 4.4949e-02 l_metric: 1.7270e-01 train_metrics/srcc: 6.7516e-01 train_metrics/plcc: 6.5460e-01 
2024-04-14 08:49:27,515 INFO: Validation xxxxxkoniq10k
	 # srcc: 0.8501	Best: 0.8572 @ 9500 iter
	 # plcc: 0.8491	Best: 0.8547 @ 9500 iter

2024-04-14 08:49:34,591 INFO: [003_C..][epoch: 20, iter:  10,600, lr:(1.309e-03,)] [eta: 0:44:14, time (data): 0.070 (0.002)] l_mos: 2.1568e-02 l_metric: 6.5880e-02 train_metrics/srcc: 8.0452e-01 train_metrics/plcc: 8.6824e-01 
2024-04-14 08:49:41,606 INFO: [003_C..][epoch: 20, iter:  10,700, lr:(1.309e-03,)] [eta: 0:43:42, time (data): 0.070 (0.002)] l_mos: 1.4288e-02 l_metric: 3.0661e-02 train_metrics/srcc: 9.0113e-01 train_metrics/plcc: 9.3868e-01 
2024-04-14 08:50:00,117 INFO: [003_C..][epoch: 21, iter:  10,800, lr:(1.249e-03,)] [eta: 0:43:25, time (data): 0.148 (0.079)] l_mos: 1.6763e-02 l_metric: 1.5323e-01 train_metrics/srcc: 6.1721e-01 train_metrics/plcc: 6.9353e-01 
2024-04-14 08:50:07,131 INFO: [003_C..][epoch: 21, iter:  10,900, lr:(1.249e-03,)] [eta: 0:42:54, time (data): 0.070 (0.002)] l_mos: 2.9089e-03 l_metric: 4.6565e-03 train_metrics/srcc: 9.8198e-01 train_metrics/plcc: 9.9069e-01 
2024-04-14 08:50:14,114 INFO: [003_C..][epoch: 21, iter:  11,000, lr:(1.249e-03,)] [eta: 0:42:22, time (data): 0.070 (0.002)] l_mos: 9.7770e-03 l_metric: 3.5905e-02 train_metrics/srcc: 9.4523e-01 train_metrics/plcc: 9.2819e-01 
2024-04-14 08:50:14,114 INFO: Saving latest models and training states.
2024-04-14 08:50:52,662 INFO: Validation xxxxxkoniq10k
	 # srcc: 0.8551	Best: 0.8572 @ 9500 iter
	 # plcc: 0.8517	Best: 0.8547 @ 9500 iter

2024-04-14 08:50:59,691 INFO: [003_C..][epoch: 21, iter:  11,100, lr:(1.249e-03,)] [eta: 0:42:42, time (data): 0.070 (0.002)] l_mos: 3.7130e-03 l_metric: 5.1646e-03 train_metrics/srcc: 9.6362e-01 train_metrics/plcc: 9.8967e-01 
2024-04-14 08:51:06,690 INFO: [003_C..][epoch: 21, iter:  11,200, lr:(1.249e-03,)] [eta: 0:42:11, time (data): 0.070 (0.002)] l_mos: 4.6808e-02 l_metric: 1.1328e-01 train_metrics/srcc: 8.5244e-01 train_metrics/plcc: 7.7344e-01 
2024-04-14 08:51:25,193 INFO: [003_C..][epoch: 22, iter:  11,300, lr:(1.187e-03,)] [eta: 0:41:55, time (data): 0.331 (0.257)] l_mos: 2.0101e-02 l_metric: 1.2347e-01 train_metrics/srcc: 7.0236e-01 train_metrics/plcc: 7.5306e-01 
2024-04-14 08:51:32,191 INFO: [003_C..][epoch: 22, iter:  11,400, lr:(1.187e-03,)] [eta: 0:41:24, time (data): 0.150 (0.080)] l_mos: 1.3816e-02 l_metric: 4.1236e-02 train_metrics/srcc: 9.2068e-01 train_metrics/plcc: 9.1753e-01 
2024-04-14 08:51:39,190 INFO: [003_C..][epoch: 22, iter:  11,500, lr:(1.187e-03,)] [eta: 0:40:54, time (data): 0.070 (0.003)] l_mos: 7.5251e-03 l_metric: 1.6875e-02 train_metrics/srcc: 9.3223e-01 train_metrics/plcc: 9.6625e-01 
2024-04-14 08:52:17,612 INFO: Validation xxxxxkoniq10k
	 # srcc: 0.8493	Best: 0.8572 @ 9500 iter
	 # plcc: 0.8455	Best: 0.8547 @ 9500 iter

2024-04-14 08:52:24,654 INFO: [003_C..][epoch: 22, iter:  11,600, lr:(1.187e-03,)] [eta: 0:41:11, time (data): 0.070 (0.002)] l_mos: 1.5963e-02 l_metric: 9.7068e-02 train_metrics/srcc: 6.7682e-01 train_metrics/plcc: 8.0586e-01 
2024-04-14 08:52:31,653 INFO: [003_C..][epoch: 22, iter:  11,700, lr:(1.187e-03,)] [eta: 0:40:41, time (data): 0.070 (0.001)] l_mos: 3.8870e-02 l_metric: 1.8929e-01 train_metrics/srcc: 4.2004e-01 train_metrics/plcc: 6.2141e-01 
2024-04-14 08:52:50,023 INFO: [003_C..][epoch: 23, iter:  11,800, lr:(1.125e-03,)] [eta: 0:40:25, time (data): 0.150 (0.080)] l_mos: 2.5676e-02 l_metric: 3.6464e-01 train_metrics/srcc: 2.1822e-01 train_metrics/plcc: 2.7073e-01 
2024-04-14 08:52:57,022 INFO: [003_C..][epoch: 23, iter:  11,900, lr:(1.125e-03,)] [eta: 0:39:55, time (data): 0.070 (0.003)] l_mos: 1.4294e-02 l_metric: 3.8564e-02 train_metrics/srcc: 9.4561e-01 train_metrics/plcc: 9.2287e-01 
2024-04-14 08:53:04,036 INFO: [003_C..][epoch: 23, iter:  12,000, lr:(1.125e-03,)] [eta: 0:39:26, time (data): 0.070 (0.002)] l_mos: 1.1651e-02 l_metric: 4.3176e-02 train_metrics/srcc: 8.8192e-01 train_metrics/plcc: 9.1365e-01 
2024-04-14 08:53:04,036 INFO: Saving latest models and training states.
2024-04-14 08:53:42,452 INFO: Validation xxxxxkoniq10k
	 # srcc: 0.8598	Best: 0.8598 @ 12000 iter
	 # plcc: 0.8577	Best: 0.8577 @ 12000 iter

2024-04-14 08:53:49,482 INFO: [003_C..][epoch: 23, iter:  12,100, lr:(1.125e-03,)] [eta: 0:39:40, time (data): 0.070 (0.002)] l_mos: 1.4657e-02 l_metric: 2.4106e-02 train_metrics/srcc: 9.6362e-01 train_metrics/plcc: 9.5179e-01 
2024-04-14 08:53:56,496 INFO: [003_C..][epoch: 23, iter:  12,200, lr:(1.125e-03,)] [eta: 0:39:11, time (data): 0.070 (0.002)] l_mos: 6.6650e-02 l_metric: 2.9992e-01 train_metrics/srcc: 5.3635e-01 train_metrics/plcc: 4.0017e-01 
2024-04-14 08:54:03,510 INFO: [003_C..][epoch: 23, iter:  12,300, lr:(1.125e-03,)] [eta: 0:38:42, time (data): 0.070 (0.002)] l_mos: 2.9409e-02 l_metric: 1.0181e-01 train_metrics/srcc: 7.7589e-01 train_metrics/plcc: 7.9639e-01 
2024-04-14 08:54:21,912 INFO: [003_C..][epoch: 24, iter:  12,400, lr:(1.063e-03,)] [eta: 0:38:26, time (data): 0.152 (0.083)] l_mos: 2.6839e-02 l_metric: 9.5755e-02 train_metrics/srcc: 8.1892e-01 train_metrics/plcc: 8.0849e-01 
2024-04-14 08:54:28,926 INFO: [003_C..][epoch: 24, iter:  12,500, lr:(1.063e-03,)] [eta: 0:37:58, time (data): 0.070 (0.002)] l_mos: 4.1326e-02 l_metric: 1.2869e-01 train_metrics/srcc: 8.2773e-01 train_metrics/plcc: 7.4262e-01 
2024-04-14 08:55:07,355 INFO: Validation xxxxxkoniq10k
	 # srcc: 0.8587	Best: 0.8598 @ 12000 iter
	 # plcc: 0.8550	Best: 0.8577 @ 12000 iter

2024-04-14 08:55:14,400 INFO: [003_C..][epoch: 24, iter:  12,600, lr:(1.063e-03,)] [eta: 0:38:10, time (data): 0.070 (0.002)] l_mos: 1.5227e-02 l_metric: 8.6875e-02 train_metrics/srcc: 5.4912e-01 train_metrics/plcc: 8.2625e-01 
2024-04-14 08:55:21,445 INFO: [003_C..][epoch: 24, iter:  12,700, lr:(1.063e-03,)] [eta: 0:37:42, time (data): 0.071 (0.001)] l_mos: 1.5612e-02 l_metric: 5.9783e-02 train_metrics/srcc: 8.2247e-01 train_metrics/plcc: 8.8043e-01 
2024-04-14 08:55:28,459 INFO: [003_C..][epoch: 24, iter:  12,800, lr:(1.063e-03,)] [eta: 0:37:14, time (data): 0.070 (0.001)] l_mos: 2.1994e-02 l_metric: 3.9592e-02 train_metrics/srcc: 8.0100e-01 train_metrics/plcc: 9.2082e-01 
2024-04-14 08:55:46,971 INFO: [003_C..][epoch: 25, iter:  12,900, lr:(1.000e-03,)] [eta: 0:36:58, time (data): 0.070 (0.001)] l_mos: 9.0708e-02 l_metric: 4.4431e-01 train_metrics/srcc: 1.7186e-01 train_metrics/plcc: 1.1137e-01 
2024-04-14 08:55:53,985 INFO: [003_C..][epoch: 25, iter:  13,000, lr:(1.000e-03,)] [eta: 0:36:30, time (data): 0.070 (0.002)] l_mos: 3.2572e-02 l_metric: 1.2675e-01 train_metrics/srcc: 7.4882e-01 train_metrics/plcc: 7.4650e-01 
2024-04-14 08:55:54,000 INFO: Saving latest models and training states.
2024-04-14 08:56:32,421 INFO: Validation xxxxxkoniq10k
	 # srcc: 0.8556	Best: 0.8598 @ 12000 iter
	 # plcc: 0.8519	Best: 0.8577 @ 12000 iter

2024-04-14 08:56:39,436 INFO: [003_C..][epoch: 25, iter:  13,100, lr:(1.000e-03,)] [eta: 0:36:40, time (data): 0.070 (0.002)] l_mos: 2.0422e-02 l_metric: 1.2170e-01 train_metrics/srcc: 6.8034e-01 train_metrics/plcc: 7.5660e-01 
2024-04-14 08:56:46,450 INFO: [003_C..][epoch: 25, iter:  13,200, lr:(1.000e-03,)] [eta: 0:36:13, time (data): 0.070 (0.002)] l_mos: 2.3358e-02 l_metric: 1.5243e-01 train_metrics/srcc: 6.5081e-01 train_metrics/plcc: 6.9513e-01 
2024-04-14 08:56:53,464 INFO: [003_C..][epoch: 25, iter:  13,300, lr:(1.000e-03,)] [eta: 0:35:46, time (data): 0.070 (0.003)] l_mos: 1.0768e-02 l_metric: 2.6794e-02 train_metrics/srcc: 9.2656e-01 train_metrics/plcc: 9.4641e-01 
2024-04-14 08:57:11,789 INFO: [003_C..][epoch: 26, iter:  13,400, lr:(9.372e-04,)] [eta: 0:35:30, time (data): 0.154 (0.086)] l_mos: 8.4395e-03 l_metric: 2.0528e-02 train_metrics/srcc: 9.1421e-01 train_metrics/plcc: 9.5894e-01 
2024-04-14 08:57:18,803 INFO: [003_C..][epoch: 26, iter:  13,500, lr:(9.372e-04,)] [eta: 0:35:03, time (data): 0.070 (0.002)] l_mos: 2.5667e-02 l_metric: 1.7219e-01 train_metrics/srcc: 6.1721e-01 train_metrics/plcc: 6.5562e-01 
2024-04-14 08:57:57,071 INFO: Validation xxxxxkoniq10k
	 # srcc: 0.8596	Best: 0.8598 @ 12000 iter
	 # plcc: 0.8577	Best: 0.8577 @ 12000 iter

2024-04-14 08:58:04,085 INFO: [003_C..][epoch: 26, iter:  13,600, lr:(9.372e-04,)] [eta: 0:35:11, time (data): 0.070 (0.002)] l_mos: 1.1139e-02 l_metric: 3.5235e-02 train_metrics/srcc: 9.0840e-01 train_metrics/plcc: 9.2953e-01 
2024-04-14 08:58:11,099 INFO: [003_C..][epoch: 26, iter:  13,700, lr:(9.372e-04,)] [eta: 0:34:44, time (data): 0.070 (0.003)] l_mos: 1.9999e-02 l_metric: 6.8135e-02 train_metrics/srcc: 8.4008e-01 train_metrics/plcc: 8.6373e-01 
2024-04-14 08:58:18,128 INFO: [003_C..][epoch: 26, iter:  13,800, lr:(9.372e-04,)] [eta: 0:34:18, time (data): 0.070 (0.002)] l_mos: 8.3009e-03 l_metric: 1.9406e-02 train_metrics/srcc: 9.6362e-01 train_metrics/plcc: 9.6119e-01 
2024-04-14 08:58:36,513 INFO: [003_C..][epoch: 27, iter:  13,900, lr:(8.747e-04,)] [eta: 0:34:01, time (data): 0.071 (0.001)] l_mos: 1.9787e-02 l_metric: 6.1641e-02 train_metrics/srcc: 9.0924e-01 train_metrics/plcc: 8.7672e-01 
2024-04-14 08:58:43,527 INFO: [003_C..][epoch: 27, iter:  14,000, lr:(8.747e-04,)] [eta: 0:33:35, time (data): 0.070 (0.002)] l_mos: 2.7001e-02 l_metric: 1.3969e-01 train_metrics/srcc: 7.6596e-01 train_metrics/plcc: 7.2063e-01 
2024-04-14 08:58:43,527 INFO: Saving latest models and training states.
2024-04-14 08:59:21,951 INFO: Validation xxxxxkoniq10k
	 # srcc: 0.8638	Best: 0.8638 @ 14000 iter
	 # plcc: 0.8607	Best: 0.8607 @ 14000 iter

2024-04-14 08:59:28,996 INFO: [003_C..][epoch: 27, iter:  14,100, lr:(8.747e-04,)] [eta: 0:33:41, time (data): 0.071 (0.004)] l_mos: 5.1954e-02 l_metric: 1.1026e-01 train_metrics/srcc: 7.8801e-01 train_metrics/plcc: 7.7949e-01 
2024-04-14 08:59:36,010 INFO: [003_C..][epoch: 27, iter:  14,200, lr:(8.747e-04,)] [eta: 0:33:16, time (data): 0.070 (0.002)] l_mos: 2.0808e-02 l_metric: 6.5433e-02 train_metrics/srcc: 8.3650e-01 train_metrics/plcc: 8.6913e-01 
2024-04-14 08:59:43,024 INFO: [003_C..][epoch: 27, iter:  14,300, lr:(8.747e-04,)] [eta: 0:32:50, time (data): 0.070 (0.002)] l_mos: 3.6126e-03 l_metric: 1.6847e-02 train_metrics/srcc: 9.7590e-01 train_metrics/plcc: 9.6631e-01 
2024-04-14 09:00:01,567 INFO: [003_C..][epoch: 28, iter:  14,400, lr:(8.126e-04,)] [eta: 0:32:34, time (data): 0.159 (0.090)] l_mos: 1.8084e-02 l_metric: 4.8384e-02 train_metrics/srcc: 8.2603e-01 train_metrics/plcc: 9.0323e-01 
2024-04-14 09:00:08,597 INFO: [003_C..][epoch: 28, iter:  14,500, lr:(8.126e-04,)] [eta: 0:32:08, time (data): 0.070 (0.002)] l_mos: 2.5483e-02 l_metric: 7.3185e-02 train_metrics/srcc: 8.6838e-01 train_metrics/plcc: 8.5363e-01 
2024-04-14 09:00:46,886 INFO: Validation xxxxxkoniq10k
	 # srcc: 0.8588	Best: 0.8638 @ 14000 iter
	 # plcc: 0.8555	Best: 0.8607 @ 14000 iter

2024-04-14 09:00:53,900 INFO: [003_C..][epoch: 28, iter:  14,600, lr:(8.126e-04,)] [eta: 0:32:13, time (data): 0.070 (0.001)] l_mos: 6.8916e-03 l_metric: 2.4882e-02 train_metrics/srcc: 9.1421e-01 train_metrics/plcc: 9.5024e-01 
2024-04-14 09:01:00,914 INFO: [003_C..][epoch: 28, iter:  14,700, lr:(8.126e-04,)] [eta: 0:31:47, time (data): 0.070 (0.001)] l_mos: 2.4693e-02 l_metric: 8.3779e-02 train_metrics/srcc: 8.4008e-01 train_metrics/plcc: 8.3244e-01 
2024-04-14 09:01:07,944 INFO: [003_C..][epoch: 28, iter:  14,800, lr:(8.126e-04,)] [eta: 0:31:22, time (data): 0.070 (0.002)] l_mos: 4.4592e-02 l_metric: 1.7822e-01 train_metrics/srcc: 6.9293e-01 train_metrics/plcc: 6.4355e-01 
2024-04-14 09:01:26,435 INFO: [003_C..][epoch: 29, iter:  14,900, lr:(7.513e-04,)] [eta: 0:31:06, time (data): 0.511 (0.434)] l_mos: 9.8656e-03 l_metric: 1.4828e-02 train_metrics/srcc: 8.0100e-01 train_metrics/plcc: 9.7034e-01 
2024-04-14 09:01:33,449 INFO: [003_C..][epoch: 29, iter:  15,000, lr:(7.513e-04,)] [eta: 0:30:41, time (data): 0.161 (0.091)] l_mos: 2.3497e-02 l_metric: 3.1824e-02 train_metrics/srcc: 9.0840e-01 train_metrics/plcc: 9.3635e-01 
2024-04-14 09:01:33,449 INFO: Saving latest models and training states.
2024-04-14 09:02:11,830 INFO: Validation xxxxxkoniq10k
	 # srcc: 0.8642	Best: 0.8642 @ 15000 iter
	 # plcc: 0.8603	Best: 0.8603 @ 15000 iter

2024-04-14 09:02:18,844 INFO: [003_C..][epoch: 29, iter:  15,100, lr:(7.513e-04,)] [eta: 0:30:44, time (data): 0.071 (0.002)] l_mos: 1.5425e-02 l_metric: 2.5349e-02 train_metrics/srcc: 9.0924e-01 train_metrics/plcc: 9.4930e-01 
2024-04-14 09:02:25,872 INFO: [003_C..][epoch: 29, iter:  15,200, lr:(7.513e-04,)] [eta: 0:30:19, time (data): 0.070 (0.002)] l_mos: 2.6896e-02 l_metric: 1.1669e-01 train_metrics/srcc: 5.2358e-01 train_metrics/plcc: 7.6662e-01 
2024-04-14 09:02:32,901 INFO: [003_C..][epoch: 29, iter:  15,300, lr:(7.513e-04,)] [eta: 0:29:55, time (data): 0.070 (0.002)] l_mos: 1.6251e-02 l_metric: 1.9956e-02 train_metrics/srcc: 9.0669e-01 train_metrics/plcc: 9.6009e-01 
2024-04-14 09:02:51,304 INFO: [003_C..][epoch: 30, iter:  15,400, lr:(6.910e-04,)] [eta: 0:29:39, time (data): 0.162 (0.092)] l_mos: 5.2414e-03 l_metric: 1.1230e-02 train_metrics/srcc: 9.4491e-01 train_metrics/plcc: 9.7754e-01 
2024-04-14 09:02:58,318 INFO: [003_C..][epoch: 30, iter:  15,500, lr:(6.910e-04,)] [eta: 0:29:15, time (data): 0.070 (0.001)] l_mos: 5.7195e-02 l_metric: 4.3505e-02 train_metrics/srcc: 7.1654e-01 train_metrics/plcc: 9.1299e-01 
2024-04-14 09:03:36,908 INFO: Validation xxxxxkoniq10k
	 # srcc: 0.8625	Best: 0.8642 @ 15000 iter
	 # plcc: 0.8584	Best: 0.8603 @ 15000 iter

2024-04-14 09:03:43,969 INFO: [003_C..][epoch: 30, iter:  15,600, lr:(6.910e-04,)] [eta: 0:29:16, time (data): 0.070 (0.002)] l_mos: 2.0610e-02 l_metric: 7.2816e-02 train_metrics/srcc: 8.3650e-01 train_metrics/plcc: 8.5437e-01 
2024-04-14 09:03:50,983 INFO: [003_C..][epoch: 30, iter:  15,700, lr:(6.910e-04,)] [eta: 0:28:52, time (data): 0.070 (0.002)] l_mos: 2.3136e-02 l_metric: 8.6270e-02 train_metrics/srcc: 8.2247e-01 train_metrics/plcc: 8.2746e-01 
2024-04-14 09:03:57,997 INFO: [003_C..][epoch: 30, iter:  15,800, lr:(6.910e-04,)] [eta: 0:28:28, time (data): 0.070 (0.002)] l_mos: 3.3455e-02 l_metric: 9.9241e-02 train_metrics/srcc: 9.2582e-01 train_metrics/plcc: 8.0152e-01 
2024-04-14 09:04:05,026 INFO: [003_C..][epoch: 30, iter:  15,900, lr:(6.910e-04,)] [eta: 0:28:04, time (data): 0.070 (0.001)] l_mos: 1.9385e-02 l_metric: 5.8706e-02 train_metrics/srcc: 8.4702e-01 train_metrics/plcc: 8.8259e-01 
2024-04-14 09:04:23,570 INFO: [003_C..][epoch: 31, iter:  16,000, lr:(6.319e-04,)] [eta: 0:27:48, time (data): 0.165 (0.094)] l_mos: 3.7726e-02 l_metric: 1.5083e-01 train_metrics/srcc: 8.6075e-01 train_metrics/plcc: 6.9834e-01 
2024-04-14 09:04:23,570 INFO: Saving latest models and training states.
2024-04-14 09:05:01,968 INFO: Validation xxxxxkoniq10k
	 # srcc: 0.8611	Best: 0.8642 @ 15000 iter
	 # plcc: 0.8566	Best: 0.8603 @ 15000 iter

2024-04-14 09:05:08,998 INFO: [003_C..][epoch: 31, iter:  16,100, lr:(6.319e-04,)] [eta: 0:27:48, time (data): 0.070 (0.002)] l_mos: 1.9974e-02 l_metric: 5.7110e-02 train_metrics/srcc: 8.6479e-01 train_metrics/plcc: 8.8578e-01 
2024-04-14 09:05:16,027 INFO: [003_C..][epoch: 31, iter:  16,200, lr:(6.319e-04,)] [eta: 0:27:24, time (data): 0.070 (0.002)] l_mos: 1.1932e-02 l_metric: 3.0541e-02 train_metrics/srcc: 9.4561e-01 train_metrics/plcc: 9.3892e-01 
2024-04-14 09:05:23,032 INFO: [003_C..][epoch: 31, iter:  16,300, lr:(6.319e-04,)] [eta: 0:27:01, time (data): 0.070 (0.002)] l_mos: 2.5346e-02 l_metric: 5.1661e-02 train_metrics/srcc: 9.0113e-01 train_metrics/plcc: 8.9668e-01 
2024-04-14 09:05:30,030 INFO: [003_C..][epoch: 31, iter:  16,400, lr:(6.319e-04,)] [eta: 0:26:38, time (data): 0.070 (0.002)] l_mos: 2.6468e-02 l_metric: 1.0821e-01 train_metrics/srcc: 7.9175e-01 train_metrics/plcc: 7.8359e-01 
2024-04-14 09:05:48,370 INFO: [003_C..][epoch: 32, iter:  16,500, lr:(5.742e-04,)] [eta: 0:26:21, time (data): 0.070 (0.002)] l_mos: 2.9073e-02 l_metric: 1.5606e-01 train_metrics/srcc: 5.4912e-01 train_metrics/plcc: 6.8788e-01 
2024-04-14 09:06:26,682 INFO: Validation xxxxxkoniq10k
	 # srcc: 0.8665	Best: 0.8665 @ 16500 iter
	 # plcc: 0.8632	Best: 0.8632 @ 16500 iter

2024-04-14 09:06:33,728 INFO: [003_C..][epoch: 32, iter:  16,600, lr:(5.742e-04,)] [eta: 0:26:20, time (data): 0.070 (0.002)] l_mos: 1.7698e-02 l_metric: 8.9253e-02 train_metrics/srcc: 7.7898e-01 train_metrics/plcc: 8.2149e-01 
2024-04-14 09:06:40,742 INFO: [003_C..][epoch: 32, iter:  16,700, lr:(5.742e-04,)] [eta: 0:25:57, time (data): 0.070 (0.001)] l_mos: 9.6478e-03 l_metric: 3.2758e-02 train_metrics/srcc: 8.8192e-01 train_metrics/plcc: 9.3448e-01 
2024-04-14 09:06:47,756 INFO: [003_C..][epoch: 32, iter:  16,800, lr:(5.742e-04,)] [eta: 0:25:34, time (data): 0.070 (0.002)] l_mos: 4.7842e-02 l_metric: 1.1158e-01 train_metrics/srcc: 7.8072e-01 train_metrics/plcc: 7.7683e-01 
2024-04-14 09:06:54,770 INFO: [003_C..][epoch: 32, iter:  16,900, lr:(5.742e-04,)] [eta: 0:25:11, time (data): 0.070 (0.000)] l_mos: 2.5618e-02 l_metric: 6.7218e-02 train_metrics/srcc: 8.6075e-01 train_metrics/plcc: 8.6556e-01 
2024-04-14 09:07:13,250 INFO: [003_C..][epoch: 33, iter:  17,000, lr:(5.182e-04,)] [eta: 0:24:55, time (data): 0.169 (0.098)] l_mos: 4.5828e-03 l_metric: 1.1876e-02 train_metrics/srcc: 9.8198e-01 train_metrics/plcc: 9.7625e-01 
2024-04-14 09:07:13,250 INFO: Saving latest models and training states.
2024-04-14 09:07:51,547 INFO: Validation xxxxxkoniq10k
	 # srcc: 0.8682	Best: 0.8682 @ 17000 iter
	 # plcc: 0.8650	Best: 0.8650 @ 17000 iter

2024-04-14 09:07:58,623 INFO: [003_C..][epoch: 33, iter:  17,100, lr:(5.182e-04,)] [eta: 0:24:52, time (data): 0.071 (0.003)] l_mos: 1.7297e-02 l_metric: 6.2980e-02 train_metrics/srcc: 7.0236e-01 train_metrics/plcc: 8.7404e-01 
2024-04-14 09:08:05,637 INFO: [003_C..][epoch: 33, iter:  17,200, lr:(5.182e-04,)] [eta: 0:24:29, time (data): 0.070 (0.003)] l_mos: 3.6858e-02 l_metric: 1.5204e-01 train_metrics/srcc: 5.8554e-01 train_metrics/plcc: 6.9592e-01 
2024-04-14 09:08:12,651 INFO: [003_C..][epoch: 33, iter:  17,300, lr:(5.182e-04,)] [eta: 0:24:07, time (data): 0.070 (0.000)] l_mos: 1.4768e-02 l_metric: 1.4017e-02 train_metrics/srcc: 9.8198e-01 train_metrics/plcc: 9.7197e-01 
2024-04-14 09:08:19,650 INFO: [003_C..][epoch: 33, iter:  17,400, lr:(5.182e-04,)] [eta: 0:23:45, time (data): 0.070 (0.001)] l_mos: 6.9238e-03 l_metric: 3.8736e-03 train_metrics/srcc: 9.8198e-01 train_metrics/plcc: 9.9225e-01 
2024-04-14 09:08:38,127 INFO: [003_C..][epoch: 34, iter:  17,500, lr:(4.642e-04,)] [eta: 0:23:28, time (data): 0.070 (0.000)] l_mos: 2.0794e-02 l_metric: 7.5284e-02 train_metrics/srcc: 8.3650e-01 train_metrics/plcc: 8.4943e-01 
2024-04-14 09:09:16,540 INFO: Validation xxxxxkoniq10k
	 # srcc: 0.8650	Best: 0.8682 @ 17000 iter
	 # plcc: 0.8603	Best: 0.8650 @ 17000 iter

2024-04-14 09:09:23,593 INFO: [003_C..][epoch: 34, iter:  17,600, lr:(4.642e-04,)] [eta: 0:23:24, time (data): 0.070 (0.001)] l_mos: 9.7832e-03 l_metric: 1.4565e-02 train_metrics/srcc: 9.6362e-01 train_metrics/plcc: 9.7087e-01 
2024-04-14 09:09:30,623 INFO: [003_C..][epoch: 34, iter:  17,700, lr:(4.642e-04,)] [eta: 0:23:02, time (data): 0.070 (0.000)] l_mos: 2.2557e-02 l_metric: 8.4842e-03 train_metrics/srcc: 9.6362e-01 train_metrics/plcc: 9.8303e-01 
2024-04-14 09:09:37,637 INFO: [003_C..][epoch: 34, iter:  17,800, lr:(4.642e-04,)] [eta: 0:22:40, time (data): 0.070 (0.001)] l_mos: 4.6490e-02 l_metric: 1.4097e-01 train_metrics/srcc: 7.1654e-01 train_metrics/plcc: 7.1806e-01 
2024-04-14 09:09:44,651 INFO: [003_C..][epoch: 34, iter:  17,900, lr:(4.642e-04,)] [eta: 0:22:19, time (data): 0.071 (0.000)] l_mos: 3.8315e-02 l_metric: 9.5927e-02 train_metrics/srcc: 7.9067e-01 train_metrics/plcc: 8.0815e-01 
2024-04-14 09:10:03,398 INFO: [003_C..][epoch: 35, iter:  18,000, lr:(4.122e-04,)] [eta: 0:22:02, time (data): 0.176 (0.105)] l_mos: 1.9746e-02 l_metric: 1.9610e-01 train_metrics/srcc: 6.1297e-01 train_metrics/plcc: 6.0780e-01 
2024-04-14 09:10:03,398 INFO: Saving latest models and training states.
2024-04-14 09:10:41,946 INFO: Validation xxxxxkoniq10k
	 # srcc: 0.8605	Best: 0.8682 @ 17000 iter
	 # plcc: 0.8565	Best: 0.8650 @ 17000 iter

2024-04-14 09:10:48,961 INFO: [003_C..][epoch: 35, iter:  18,100, lr:(4.122e-04,)] [eta: 0:21:57, time (data): 0.070 (0.006)] l_mos: 2.2795e-02 l_metric: 3.7296e-02 train_metrics/srcc: 8.5244e-01 train_metrics/plcc: 9.2541e-01 
2024-04-14 09:10:55,975 INFO: [003_C..][epoch: 35, iter:  18,200, lr:(4.122e-04,)] [eta: 0:21:35, time (data): 0.070 (0.002)] l_mos: 7.5944e-03 l_metric: 6.1342e-02 train_metrics/srcc: 8.7610e-01 train_metrics/plcc: 8.7732e-01 
2024-04-14 09:11:02,989 INFO: [003_C..][epoch: 35, iter:  18,300, lr:(4.122e-04,)] [eta: 0:21:14, time (data): 0.069 (0.000)] l_mos: 4.6048e-02 l_metric: 1.4519e-01 train_metrics/srcc: 6.7890e-01 train_metrics/plcc: 7.0962e-01 
2024-04-14 09:11:10,003 INFO: [003_C..][epoch: 35, iter:  18,400, lr:(4.122e-04,)] [eta: 0:20:53, time (data): 0.070 (0.002)] l_mos: 2.0836e-02 l_metric: 3.9452e-02 train_metrics/srcc: 9.1421e-01 train_metrics/plcc: 9.2110e-01 
2024-04-14 09:11:28,449 INFO: [003_C..][epoch: 36, iter:  18,500, lr:(3.626e-04,)] [eta: 0:20:36, time (data): 0.070 (0.002)] l_mos: 2.9265e-02 l_metric: 1.5764e-01 train_metrics/srcc: 6.5081e-01 train_metrics/plcc: 6.8471e-01 
2024-04-14 09:12:07,018 INFO: Validation xxxxxkoniq10k
	 # srcc: 0.8640	Best: 0.8682 @ 17000 iter
	 # plcc: 0.8605	Best: 0.8650 @ 17000 iter

2024-04-14 09:12:14,032 INFO: [003_C..][epoch: 36, iter:  18,600, lr:(3.626e-04,)] [eta: 0:20:30, time (data): 0.070 (0.003)] l_mos: 7.6756e-03 l_metric: 4.4182e-02 train_metrics/srcc: 9.2656e-01 train_metrics/plcc: 9.1164e-01 
2024-04-14 09:12:21,030 INFO: [003_C..][epoch: 36, iter:  18,700, lr:(3.626e-04,)] [eta: 0:20:08, time (data): 0.069 (0.004)] l_mos: 1.1341e-02 l_metric: 3.0915e-02 train_metrics/srcc: 9.8198e-01 train_metrics/plcc: 9.3817e-01 
2024-04-14 09:12:28,075 INFO: [003_C..][epoch: 36, iter:  18,800, lr:(3.626e-04,)] [eta: 0:19:47, time (data): 0.070 (0.002)] l_mos: 1.1349e-02 l_metric: 3.1280e-02 train_metrics/srcc: 8.9613e-01 train_metrics/plcc: 9.3744e-01 
2024-04-14 09:12:35,104 INFO: [003_C..][epoch: 36, iter:  18,900, lr:(3.626e-04,)] [eta: 0:19:26, time (data): 0.070 (0.000)] l_mos: 2.7898e-02 l_metric: 6.6802e-02 train_metrics/srcc: 7.2591e-01 train_metrics/plcc: 8.6640e-01 
2024-04-14 09:12:53,506 INFO: [003_C..][epoch: 37, iter:  19,000, lr:(3.155e-04,)] [eta: 0:19:10, time (data): 0.178 (0.107)] l_mos: 2.5535e-02 l_metric: 4.4453e-02 train_metrics/srcc: 9.4561e-01 train_metrics/plcc: 9.1109e-01 
2024-04-14 09:12:53,506 INFO: Saving latest models and training states.
2024-04-14 09:13:31,699 INFO: Validation xxxxxkoniq10k
	 # srcc: 0.8683	Best: 0.8683 @ 19000 iter
	 # plcc: 0.8653	Best: 0.8653 @ 19000 iter

2024-04-14 09:13:38,729 INFO: [003_C..][epoch: 37, iter:  19,100, lr:(3.155e-04,)] [eta: 0:19:02, time (data): 0.072 (0.000)] l_mos: 2.0171e-02 l_metric: 1.0065e-01 train_metrics/srcc: 6.7682e-01 train_metrics/plcc: 7.9870e-01 
2024-04-14 09:13:45,727 INFO: [003_C..][epoch: 37, iter:  19,200, lr:(3.155e-04,)] [eta: 0:18:41, time (data): 0.070 (0.002)] l_mos: 1.4321e-02 l_metric: 1.7876e-01 train_metrics/srcc: 5.6695e-01 train_metrics/plcc: 6.4249e-01 
2024-04-14 09:13:52,788 INFO: [003_C..][epoch: 37, iter:  19,300, lr:(3.155e-04,)] [eta: 0:18:21, time (data): 0.070 (0.004)] l_mos: 2.5270e-02 l_metric: 8.3129e-02 train_metrics/srcc: 7.2427e-01 train_metrics/plcc: 8.3374e-01 
2024-04-14 09:13:59,787 INFO: [003_C..][epoch: 37, iter:  19,400, lr:(3.155e-04,)] [eta: 0:18:00, time (data): 0.070 (0.002)] l_mos: 6.7439e-03 l_metric: 8.0318e-03 train_metrics/srcc: 9.6978e-01 train_metrics/plcc: 9.8394e-01 
2024-04-14 09:14:18,142 INFO: [003_C..][epoch: 38, iter:  19,500, lr:(2.710e-04,)] [eta: 0:17:44, time (data): 0.068 (0.000)] l_mos: 5.3397e-03 l_metric: 2.2421e-02 train_metrics/srcc: 9.6362e-01 train_metrics/plcc: 9.5516e-01 
2024-04-14 09:14:56,541 INFO: Validation xxxxxkoniq10k
	 # srcc: 0.8653	Best: 0.8683 @ 19000 iter
	 # plcc: 0.8628	Best: 0.8653 @ 19000 iter

2024-04-14 09:15:03,539 INFO: [003_C..][epoch: 38, iter:  19,600, lr:(2.710e-04,)] [eta: 0:17:35, time (data): 0.070 (0.002)] l_mos: 2.2193e-02 l_metric: 5.2019e-02 train_metrics/srcc: 6.1771e-01 train_metrics/plcc: 8.9596e-01 
2024-04-14 09:15:10,553 INFO: [003_C..][epoch: 38, iter:  19,700, lr:(2.710e-04,)] [eta: 0:17:15, time (data): 0.070 (0.000)] l_mos: 3.6484e-02 l_metric: 8.4985e-02 train_metrics/srcc: 8.4008e-01 train_metrics/plcc: 8.3003e-01 
2024-04-14 09:15:17,552 INFO: [003_C..][epoch: 38, iter:  19,800, lr:(2.710e-04,)] [eta: 0:16:54, time (data): 0.070 (0.001)] l_mos: 2.2402e-02 l_metric: 5.6031e-02 train_metrics/srcc: 8.5244e-01 train_metrics/plcc: 8.8794e-01 
2024-04-14 09:15:24,552 INFO: [003_C..][epoch: 38, iter:  19,900, lr:(2.710e-04,)] [eta: 0:16:34, time (data): 0.062 (0.000)] l_mos: 1.6197e-02 l_metric: 2.3204e-02 train_metrics/srcc: 9.3295e-01 train_metrics/plcc: 9.5359e-01 
2024-04-14 09:15:31,551 INFO: [003_C..][epoch: 38, iter:  20,000, lr:(2.710e-04,)] [eta: 0:16:14, time (data): 0.070 (0.002)] l_mos: 2.7132e-02 l_metric: 8.0377e-02 train_metrics/srcc: 7.1813e-01 train_metrics/plcc: 8.3925e-01 
2024-04-14 09:15:31,551 INFO: Saving latest models and training states.
2024-04-14 09:16:09,854 INFO: Validation xxxxxkoniq10k
	 # srcc: 0.8668	Best: 0.8683 @ 19000 iter
	 # plcc: 0.8625	Best: 0.8653 @ 19000 iter

2024-04-14 09:16:28,220 INFO: [003_C..][epoch: 39, iter:  20,100, lr:(2.295e-04,)] [eta: 0:16:08, time (data): 0.126 (0.058)] l_mos: 1.5615e-02 l_metric: 5.9262e-02 train_metrics/srcc: 8.1892e-01 train_metrics/plcc: 8.8148e-01 
2024-04-14 09:16:35,234 INFO: [003_C..][epoch: 39, iter:  20,200, lr:(2.295e-04,)] [eta: 0:15:48, time (data): 0.070 (0.002)] l_mos: 7.3304e-03 l_metric: 1.8230e-02 train_metrics/srcc: 9.5119e-01 train_metrics/plcc: 9.6354e-01 
2024-04-14 09:16:42,248 INFO: [003_C..][epoch: 39, iter:  20,300, lr:(2.295e-04,)] [eta: 0:15:28, time (data): 0.070 (0.002)] l_mos: 8.3108e-03 l_metric: 2.9877e-02 train_metrics/srcc: 9.2582e-01 train_metrics/plcc: 9.4025e-01 
2024-04-14 09:16:49,246 INFO: [003_C..][epoch: 39, iter:  20,400, lr:(2.295e-04,)] [eta: 0:15:08, time (data): 0.070 (0.001)] l_mos: 1.4173e-02 l_metric: 4.6498e-02 train_metrics/srcc: 8.9712e-01 train_metrics/plcc: 9.0700e-01 
2024-04-14 09:16:56,276 INFO: [003_C..][epoch: 39, iter:  20,500, lr:(2.295e-04,)] [eta: 0:14:48, time (data): 0.070 (0.001)] l_mos: 1.6505e-02 l_metric: 7.4970e-02 train_metrics/srcc: 8.7517e-01 train_metrics/plcc: 8.5006e-01 
2024-04-14 09:17:34,727 INFO: Validation xxxxxkoniq10k
	 # srcc: 0.8674	Best: 0.8683 @ 19000 iter
	 # plcc: 0.8629	Best: 0.8653 @ 19000 iter

2024-04-14 09:17:53,098 INFO: [003_C..][epoch: 40, iter:  20,600, lr:(1.910e-04,)] [eta: 0:14:41, time (data): 0.186 (0.116)] l_mos: 2.2908e-02 l_metric: 8.8614e-02 train_metrics/srcc: 8.4702e-01 train_metrics/plcc: 8.2277e-01 
2024-04-14 09:18:00,112 INFO: [003_C..][epoch: 40, iter:  20,700, lr:(1.910e-04,)] [eta: 0:14:21, time (data): 0.127 (0.058)] l_mos: 7.6304e-03 l_metric: 1.5704e-02 train_metrics/srcc: 9.8198e-01 train_metrics/plcc: 9.6859e-01 
2024-04-14 09:18:07,111 INFO: [003_C..][epoch: 40, iter:  20,800, lr:(1.910e-04,)] [eta: 0:14:02, time (data): 0.070 (0.002)] l_mos: 1.3035e-02 l_metric: 4.6097e-02 train_metrics/srcc: 8.1537e-01 train_metrics/plcc: 9.0781e-01 
2024-04-14 09:18:14,109 INFO: [003_C..][epoch: 40, iter:  20,900, lr:(1.910e-04,)] [eta: 0:13:42, time (data): 0.070 (0.002)] l_mos: 2.6029e-02 l_metric: 1.0879e-01 train_metrics/srcc: 4.7559e-01 train_metrics/plcc: 7.8242e-01 
2024-04-14 09:18:21,123 INFO: [003_C..][epoch: 40, iter:  21,000, lr:(1.910e-04,)] [eta: 0:13:23, time (data): 0.070 (0.002)] l_mos: 2.2907e-02 l_metric: 7.0724e-02 train_metrics/srcc: 8.9392e-01 train_metrics/plcc: 8.5855e-01 
2024-04-14 09:18:21,123 INFO: Saving latest models and training states.
2024-04-14 09:18:59,449 INFO: Validation xxxxxkoniq10k
	 # srcc: 0.8662	Best: 0.8683 @ 19000 iter
	 # plcc: 0.8620	Best: 0.8653 @ 19000 iter

2024-04-14 09:19:17,929 INFO: [003_C..][epoch: 41, iter:  21,100, lr:(1.557e-04,)] [eta: 0:13:14, time (data): 0.129 (0.059)] l_mos: 3.1195e-02 l_metric: 7.0518e-02 train_metrics/srcc: 9.2068e-01 train_metrics/plcc: 8.5896e-01 
2024-04-14 09:19:24,959 INFO: [003_C..][epoch: 41, iter:  21,200, lr:(1.557e-04,)] [eta: 0:12:55, time (data): 0.070 (0.003)] l_mos: 2.7145e-02 l_metric: 6.2983e-02 train_metrics/srcc: 8.6479e-01 train_metrics/plcc: 8.7403e-01 
2024-04-14 09:19:31,973 INFO: [003_C..][epoch: 41, iter:  21,300, lr:(1.557e-04,)] [eta: 0:12:36, time (data): 0.070 (0.002)] l_mos: 1.1374e-02 l_metric: 4.3889e-02 train_metrics/srcc: 8.6838e-01 train_metrics/plcc: 9.1222e-01 
2024-04-14 09:19:38,987 INFO: [003_C..][epoch: 41, iter:  21,400, lr:(1.557e-04,)] [eta: 0:12:16, time (data): 0.070 (0.001)] l_mos: 1.2682e-02 l_metric: 1.3373e-02 train_metrics/srcc: 9.8198e-01 train_metrics/plcc: 9.7325e-01 
2024-04-14 09:19:45,985 INFO: [003_C..][epoch: 41, iter:  21,500, lr:(1.557e-04,)] [eta: 0:11:57, time (data): 0.070 (0.001)] l_mos: 3.8702e-02 l_metric: 1.4573e-01 train_metrics/srcc: 6.5955e-01 train_metrics/plcc: 7.0855e-01 
2024-04-14 09:20:24,622 INFO: Validation xxxxxkoniq10k
	 # srcc: 0.8679	Best: 0.8683 @ 19000 iter
	 # plcc: 0.8649	Best: 0.8653 @ 19000 iter

2024-04-14 09:20:43,039 INFO: [003_C..][epoch: 42, iter:  21,600, lr:(1.237e-04,)] [eta: 0:11:48, time (data): 0.192 (0.122)] l_mos: 3.9853e-02 l_metric: 6.9689e-02 train_metrics/srcc: 8.5561e-01 train_metrics/plcc: 8.6062e-01 
2024-04-14 09:20:50,053 INFO: [003_C..][epoch: 42, iter:  21,700, lr:(1.237e-04,)] [eta: 0:11:29, time (data): 0.129 (0.060)] l_mos: 1.9904e-02 l_metric: 7.6729e-02 train_metrics/srcc: 5.9300e-01 train_metrics/plcc: 8.4654e-01 
2024-04-14 09:20:57,052 INFO: [003_C..][epoch: 42, iter:  21,800, lr:(1.237e-04,)] [eta: 0:11:09, time (data): 0.070 (0.002)] l_mos: 1.4240e-02 l_metric: 1.3804e-02 train_metrics/srcc: 9.3223e-01 train_metrics/plcc: 9.7239e-01 
2024-04-14 09:21:04,081 INFO: [003_C..][epoch: 42, iter:  21,900, lr:(1.237e-04,)] [eta: 0:10:51, time (data): 0.070 (0.002)] l_mos: 1.2125e-02 l_metric: 2.9474e-02 train_metrics/srcc: 9.5119e-01 train_metrics/plcc: 9.4105e-01 
2024-04-14 09:21:11,095 INFO: [003_C..][epoch: 42, iter:  22,000, lr:(1.237e-04,)] [eta: 0:10:32, time (data): 0.070 (0.002)] l_mos: 1.1940e-02 l_metric: 3.8443e-02 train_metrics/srcc: 8.7158e-01 train_metrics/plcc: 9.2311e-01 
2024-04-14 09:21:11,095 INFO: Saving latest models and training states.
2024-04-14 09:21:49,688 INFO: Validation xxxxxkoniq10k
	 # srcc: 0.8683	Best: 0.8683 @ 22000 iter
	 # plcc: 0.8648	Best: 0.8648 @ 22000 iter

2024-04-14 09:22:08,074 INFO: [003_C..][epoch: 43, iter:  22,100, lr:(9.517e-05,)] [eta: 0:10:21, time (data): 0.130 (0.061)] l_mos: 2.0821e-02 l_metric: 5.3416e-02 train_metrics/srcc: 8.5561e-01 train_metrics/plcc: 8.9317e-01 
2024-04-14 09:22:15,073 INFO: [003_C..][epoch: 43, iter:  22,200, lr:(9.517e-05,)] [eta: 0:10:02, time (data): 0.070 (0.002)] l_mos: 1.1099e-02 l_metric: 2.7854e-02 train_metrics/srcc: 9.6978e-01 train_metrics/plcc: 9.4429e-01 
2024-04-14 09:22:22,083 INFO: [003_C..][epoch: 43, iter:  22,300, lr:(9.517e-05,)] [eta: 0:09:43, time (data): 0.070 (0.001)] l_mos: 1.6721e-02 l_metric: 5.0663e-02 train_metrics/srcc: 8.4702e-01 train_metrics/plcc: 8.9867e-01 
2024-04-14 09:22:29,113 INFO: [003_C..][epoch: 43, iter:  22,400, lr:(9.517e-05,)] [eta: 0:09:25, time (data): 0.070 (0.002)] l_mos: 2.5010e-02 l_metric: 4.6272e-02 train_metrics/srcc: 8.5106e-01 train_metrics/plcc: 9.0746e-01 
2024-04-14 09:22:36,127 INFO: [003_C..][epoch: 43, iter:  22,500, lr:(9.517e-05,)] [eta: 0:09:06, time (data): 0.070 (0.002)] l_mos: 9.5527e-03 l_metric: 1.1624e-02 train_metrics/srcc: 9.6978e-01 train_metrics/plcc: 9.7675e-01 
2024-04-14 09:23:14,478 INFO: Validation xxxxxkoniq10k
	 # srcc: 0.8665	Best: 0.8683 @ 22000 iter
	 # plcc: 0.8620	Best: 0.8648 @ 22000 iter

2024-04-14 09:23:32,939 INFO: [003_C..][epoch: 44, iter:  22,600, lr:(7.022e-05,)] [eta: 0:08:55, time (data): 0.200 (0.129)] l_mos: 1.5715e-02 l_metric: 2.1991e-02 train_metrics/srcc: 9.3295e-01 train_metrics/plcc: 9.5602e-01 
2024-04-14 09:23:39,937 INFO: [003_C..][epoch: 44, iter:  22,700, lr:(7.022e-05,)] [eta: 0:08:36, time (data): 0.131 (0.061)] l_mos: 2.8221e-02 l_metric: 7.7814e-02 train_metrics/srcc: 7.1654e-01 train_metrics/plcc: 8.4437e-01 
2024-04-14 09:23:46,967 INFO: [003_C..][epoch: 44, iter:  22,800, lr:(7.022e-05,)] [eta: 0:08:17, time (data): 0.070 (0.003)] l_mos: 7.4217e-03 l_metric: 3.8725e-02 train_metrics/srcc: 9.5119e-01 train_metrics/plcc: 9.2255e-01 
2024-04-14 09:23:53,981 INFO: [003_C..][epoch: 44, iter:  22,900, lr:(7.022e-05,)] [eta: 0:07:59, time (data): 0.070 (0.002)] l_mos: 6.5975e-03 l_metric: 1.0549e-02 train_metrics/srcc: 9.0185e-01 train_metrics/plcc: 9.7890e-01 
2024-04-14 09:24:01,027 INFO: [003_C..][epoch: 44, iter:  23,000, lr:(7.022e-05,)] [eta: 0:07:41, time (data): 0.070 (0.001)] l_mos: 2.3064e-02 l_metric: 4.6151e-02 train_metrics/srcc: 7.1726e-01 train_metrics/plcc: 9.0770e-01 
2024-04-14 09:24:01,027 INFO: Saving latest models and training states.
2024-04-14 09:24:39,416 INFO: Validation xxxxxkoniq10k
	 # srcc: 0.8674	Best: 0.8683 @ 22000 iter
	 # plcc: 0.8639	Best: 0.8648 @ 22000 iter

2024-04-14 09:24:57,803 INFO: [003_C..][epoch: 45, iter:  23,100, lr:(4.894e-05,)] [eta: 0:07:28, time (data): 0.131 (0.062)] l_mos: 1.6135e-02 l_metric: 5.9574e-02 train_metrics/srcc: 6.6289e-01 train_metrics/plcc: 8.8085e-01 
2024-04-14 09:25:04,832 INFO: [003_C..][epoch: 45, iter:  23,200, lr:(4.894e-05,)] [eta: 0:07:10, time (data): 0.070 (0.002)] l_mos: 2.5464e-02 l_metric: 1.7960e-01 train_metrics/srcc: 6.3901e-01 train_metrics/plcc: 6.4081e-01 
2024-04-14 09:25:11,831 INFO: [003_C..][epoch: 45, iter:  23,300, lr:(4.894e-05,)] [eta: 0:06:51, time (data): 0.070 (0.002)] l_mos: 6.2050e-03 l_metric: 1.8056e-02 train_metrics/srcc: 9.2068e-01 train_metrics/plcc: 9.6389e-01 
2024-04-14 09:25:18,845 INFO: [003_C..][epoch: 45, iter:  23,400, lr:(4.894e-05,)] [eta: 0:06:33, time (data): 0.070 (0.001)] l_mos: 1.1079e-02 l_metric: 2.1178e-02 train_metrics/srcc: 9.4561e-01 train_metrics/plcc: 9.5764e-01 
2024-04-14 09:25:25,861 INFO: [003_C..][epoch: 45, iter:  23,500, lr:(4.894e-05,)] [eta: 0:06:15, time (data): 0.070 (0.002)] l_mos: 2.3984e-02 l_metric: 1.0305e-01 train_metrics/srcc: 5.9300e-01 train_metrics/plcc: 7.9390e-01 
2024-04-14 09:26:04,119 INFO: Validation xxxxxkoniq10k
	 # srcc: 0.8678	Best: 0.8683 @ 22000 iter
	 # plcc: 0.8640	Best: 0.8648 @ 22000 iter

2024-04-14 09:26:22,655 INFO: [003_C..][epoch: 46, iter:  23,600, lr:(3.142e-05,)] [eta: 0:06:02, time (data): 0.209 (0.136)] l_mos: 1.6683e-02 l_metric: 5.3321e-02 train_metrics/srcc: 6.2574e-01 train_metrics/plcc: 8.9336e-01 
2024-04-14 09:26:29,669 INFO: [003_C..][epoch: 46, iter:  23,700, lr:(3.142e-05,)] [eta: 0:05:44, time (data): 0.133 (0.063)] l_mos: 3.0526e-02 l_metric: 1.2591e-01 train_metrics/srcc: 3.2541e-01 train_metrics/plcc: 7.4817e-01 
2024-04-14 09:26:36,683 INFO: [003_C..][epoch: 46, iter:  23,800, lr:(3.142e-05,)] [eta: 0:05:25, time (data): 0.070 (0.002)] l_mos: 2.2059e-02 l_metric: 4.7390e-02 train_metrics/srcc: 9.0924e-01 train_metrics/plcc: 9.0522e-01 
2024-04-14 09:26:43,697 INFO: [003_C..][epoch: 46, iter:  23,900, lr:(3.142e-05,)] [eta: 0:05:08, time (data): 0.070 (0.002)] l_mos: 2.6322e-02 l_metric: 1.0370e-01 train_metrics/srcc: 7.4125e-01 train_metrics/plcc: 7.9259e-01 
2024-04-14 09:26:50,711 INFO: [003_C..][epoch: 46, iter:  24,000, lr:(3.142e-05,)] [eta: 0:04:50, time (data): 0.070 (0.002)] l_mos: 6.2886e-02 l_metric: 1.7561e-01 train_metrics/srcc: 5.2786e-01 train_metrics/plcc: 6.4878e-01 
2024-04-14 09:26:50,711 INFO: Saving latest models and training states.
2024-04-14 09:27:29,188 INFO: Validation xxxxxkoniq10k
	 # srcc: 0.8676	Best: 0.8683 @ 22000 iter
	 # plcc: 0.8634	Best: 0.8648 @ 22000 iter

2024-04-14 09:27:36,202 INFO: [003_C..][epoch: 46, iter:  24,100, lr:(3.142e-05,)] [eta: 0:04:35, time (data): 0.070 (0.002)] l_mos: 1.0459e-02 l_metric: 2.7757e-02 train_metrics/srcc: 9.6978e-01 train_metrics/plcc: 9.4449e-01 
2024-04-14 09:27:54,714 INFO: [003_C..][epoch: 47, iter:  24,200, lr:(1.771e-05,)] [eta: 0:04:17, time (data): 0.070 (0.002)] l_mos: 2.7264e-02 l_metric: 2.3527e-02 train_metrics/srcc: 9.0185e-01 train_metrics/plcc: 9.5295e-01 
2024-04-14 09:28:01,743 INFO: [003_C..][epoch: 47, iter:  24,300, lr:(1.771e-05,)] [eta: 0:04:00, time (data): 0.070 (0.002)] l_mos: 2.1935e-02 l_metric: 1.5888e-01 train_metrics/srcc: 5.7466e-01 train_metrics/plcc: 6.8224e-01 
2024-04-14 09:28:08,742 INFO: [003_C..][epoch: 47, iter:  24,400, lr:(1.771e-05,)] [eta: 0:03:42, time (data): 0.070 (0.002)] l_mos: 2.2569e-02 l_metric: 7.1944e-02 train_metrics/srcc: 8.4008e-01 train_metrics/plcc: 8.5611e-01 
2024-04-14 09:28:15,756 INFO: [003_C..][epoch: 47, iter:  24,500, lr:(1.771e-05,)] [eta: 0:03:24, time (data): 0.070 (0.003)] l_mos: 1.1652e-02 l_metric: 3.7723e-02 train_metrics/srcc: 9.0113e-01 train_metrics/plcc: 9.2455e-01 
2024-04-14 09:28:54,134 INFO: Validation xxxxxkoniq10k
	 # srcc: 0.8677	Best: 0.8683 @ 22000 iter
	 # plcc: 0.8640	Best: 0.8648 @ 22000 iter

2024-04-14 09:29:01,164 INFO: [003_C..][epoch: 47, iter:  24,600, lr:(1.771e-05,)] [eta: 0:03:08, time (data): 0.070 (0.002)] l_mos: 1.3315e-02 l_metric: 3.6564e-02 train_metrics/srcc: 8.6603e-01 train_metrics/plcc: 9.2687e-01 
2024-04-14 09:29:19,581 INFO: [003_C..][epoch: 48, iter:  24,700, lr:(7.885e-06,)] [eta: 0:02:51, time (data): 0.134 (0.064)] l_mos: 1.0172e-02 l_metric: 1.6847e-02 train_metrics/srcc: 9.1421e-01 train_metrics/plcc: 9.6631e-01 
2024-04-14 09:29:26,601 INFO: [003_C..][epoch: 48, iter:  24,800, lr:(7.885e-06,)] [eta: 0:02:34, time (data): 0.070 (0.002)] l_mos: 8.6630e-03 l_metric: 3.0904e-02 train_metrics/srcc: 9.6978e-01 train_metrics/plcc: 9.3819e-01 
2024-04-14 09:29:33,615 INFO: [003_C..][epoch: 48, iter:  24,900, lr:(7.885e-06,)] [eta: 0:02:16, time (data): 0.070 (0.002)] l_mos: 2.6234e-02 l_metric: 6.9607e-02 train_metrics/srcc: 9.1287e-01 train_metrics/plcc: 8.6079e-01 
2024-04-14 09:29:40,645 INFO: [003_C..][epoch: 48, iter:  25,000, lr:(7.885e-06,)] [eta: 0:01:59, time (data): 0.070 (0.001)] l_mos: 6.3571e-03 l_metric: 1.6819e-02 train_metrics/srcc: 9.4561e-01 train_metrics/plcc: 9.6636e-01 
2024-04-14 09:29:40,645 INFO: Saving latest models and training states.
2024-04-14 09:30:19,120 INFO: Validation xxxxxkoniq10k
	 # srcc: 0.8678	Best: 0.8683 @ 22000 iter
	 # plcc: 0.8637	Best: 0.8648 @ 22000 iter

2024-04-14 09:30:26,147 INFO: [003_C..][epoch: 48, iter:  25,100, lr:(7.885e-06,)] [eta: 0:01:42, time (data): 0.070 (0.002)] l_mos: 2.2162e-02 l_metric: 1.0045e-01 train_metrics/srcc: 8.1226e-01 train_metrics/plcc: 7.9910e-01 
2024-04-14 09:30:44,674 INFO: [003_C..][epoch: 49, iter:  25,200, lr:(1.973e-06,)] [eta: 0:01:25, time (data): 0.223 (0.150)] l_mos: 3.2550e-02 l_metric: 1.7687e-01 train_metrics/srcc: 5.0063e-01 train_metrics/plcc: 6.4627e-01 
2024-04-14 09:30:51,672 INFO: [003_C..][epoch: 49, iter:  25,300, lr:(1.973e-06,)] [eta: 0:01:08, time (data): 0.136 (0.065)] l_mos: 1.3660e-02 l_metric: 2.1710e-02 train_metrics/srcc: 8.7158e-01 train_metrics/plcc: 9.5658e-01 
2024-04-14 09:30:58,686 INFO: [003_C..][epoch: 49, iter:  25,400, lr:(1.973e-06,)] [eta: 0:00:51, time (data): 0.070 (0.002)] l_mos: 2.2675e-02 l_metric: 5.6072e-02 train_metrics/srcc: 8.5106e-01 train_metrics/plcc: 8.8786e-01 
2024-04-14 09:31:05,700 INFO: [003_C..][epoch: 49, iter:  25,500, lr:(1.973e-06,)] [eta: 0:00:33, time (data): 0.070 (0.003)] l_mos: 1.7971e-02 l_metric: 3.8999e-02 train_metrics/srcc: 8.4008e-01 train_metrics/plcc: 9.2200e-01 
2024-04-14 09:31:44,086 INFO: Validation xxxxxkoniq10k
	 # srcc: 0.8678	Best: 0.8683 @ 22000 iter
	 # plcc: 0.8638	Best: 0.8648 @ 22000 iter

2024-04-14 09:31:51,178 INFO: [003_C..][epoch: 49, iter:  25,600, lr:(1.973e-06,)] [eta: 0:00:17, time (data): 0.071 (0.001)] l_mos: 7.4579e-03 l_metric: 1.9754e-02 train_metrics/srcc: 9.4561e-01 train_metrics/plcc: 9.6049e-01 
2024-04-14 09:32:09,709 INFO: [003_C..][epoch: 50, iter:  25,700, lr:(0.000e+00,)] [eta: 0:00:00, time (data): 0.137 (0.067)] l_mos: 2.3083e-02 l_metric: 2.8700e-02 train_metrics/srcc: 9.6362e-01 train_metrics/plcc: 9.4260e-01 
2024-04-14 09:32:09,709 INFO: End of training. Time consumed: 1:13:55
2024-04-14 09:32:09,709 INFO: Save the latest model.
2024-04-14 09:32:48,050 INFO: Validation xxxxxkoniq10k
	 # srcc: 0.8678	Best: 0.8683 @ 22000 iter
	 # plcc: 0.8638	Best: 0.8648 @ 22000 iter

