2024-04-13 10:50:40,612 INFO: 
Version Information: 
	PyTorch: 1.13.1+cu117
	TorchVision: 0.14.1+cu117
2024-04-13 10:50:40,612 INFO: 
  name: 001_CNNIQA_KonIQ10k
  model_type: GeneralIQAModel
  num_gpu: 1
  manual_seed: 123
  datasets:[
    train:[
      name: zdjecia_uczenie
      type: GeneralNRDataset
      dataroot_target: ./datasets/zdjecia_uczenie
      meta_info_file: ./datasets/meta_info/oceny_zdjec.csv
      split_file: ./datasets/train_split_info/podzial_zbioru_moja_baza.pkl
      augment:[
        hflip: True
        random_crop: 384
      ]
      img_range: 1
      use_shuffle: True
      num_worker_per_gpu: 4
      batch_size_per_gpu: 64
      dataset_enlarge_ratio: 1
      prefetch_mode: None
      phase: train
    ]
    val:[
      name: zdjecia_uczenie
      type: GeneralNRDataset
      dataroot_target: ./datasets/zdjecia_uczenie
      meta_info_file: ./datasets/meta_info/oceny_zdjec.csv
      split_file: ./datasets/train_split_info/podzial_zbioru_moja_baza.pkl
      num_worker_per_gpu: 4
      batch_size_per_gpu: 1
      phase: val
    ]
  ]
  network:[
    type: CNNIQA
  ]
  path:[
    pretrain_network_g: None
    strict_load_g: True
    resume_state: None
    experiments_root: H:\Politechnika rzeszowska\8 semestr\Projekt badawczy\IQA-PyTorch-main\experiments\001_CNNIQA_KonIQ10k
    models: H:\Politechnika rzeszowska\8 semestr\Projekt badawczy\IQA-PyTorch-main\experiments\001_CNNIQA_KonIQ10k\models
    training_states: H:\Politechnika rzeszowska\8 semestr\Projekt badawczy\IQA-PyTorch-main\experiments\001_CNNIQA_KonIQ10k\training_states
    log: H:\Politechnika rzeszowska\8 semestr\Projekt badawczy\IQA-PyTorch-main\experiments\001_CNNIQA_KonIQ10k
    visualization: H:\Politechnika rzeszowska\8 semestr\Projekt badawczy\IQA-PyTorch-main\experiments\001_CNNIQA_KonIQ10k\visualization
  ]
  train:[
    optim:[
      type: AdamW
      lr: 0.001
    ]
    scheduler:[
      type: MultiStepLR
      milestones: [10, 20, 30, 40]
      gamma: 0.5
    ]
    total_epoch: 50
    warmup_iter: -1
    mos_loss_opt:[
      type: PLCCLoss
      loss_weight: 1.0
    ]
  ]
  val:[
    val_freq: 100.0
    save_img: True
    pbar: True
    key_metric: srcc
    metrics:[
      srcc:[
        type: calculate_srcc
      ]
      plcc:[
        type: calculate_plcc
      ]
      krcc:[
        type: calculate_krcc
      ]
    ]
  ]
  logger:[
    print_freq: 20
    save_checkpoint_freq: 5000000000.0
    save_latest_freq: 500.0
    use_tb_logger: True
    wandb:[
      project: None
      resume_id: None
    ]
  ]
  dist_params:[
    backend: nccl
    port: 29500
  ]
  dist: False
  rank: 0
  world_size: 1
  auto_resume: False
  is_train: True
  root_path: H:\Politechnika rzeszowska\8 semestr\Projekt badawczy\IQA-PyTorch-main

2024-04-13 10:50:42,860 INFO: Dataset [GeneralNRDataset] - zdjecia_uczenie is built.
2024-04-13 10:50:42,860 INFO: Training statistics:
	Number of train images: 4107
	Dataset enlarge ratio: 1
	Batch size per gpu: 64
	World size (gpu number): 1
	Require iter number per epoch: 65
	Total epochs: 50; iters: 3250.
2024-04-13 10:50:42,876 INFO: Dataset [GeneralNRDataset] - zdjecia_uczenie is built.
2024-04-13 10:50:42,876 INFO: Number of val images/folders in zdjecia_uczenie: 1027
2024-04-13 10:50:42,891 INFO: Network [CNNIQA] is created.
2024-04-13 10:50:42,974 INFO: Network: CNNIQA, with parameters: 729,801
2024-04-13 10:50:42,974 INFO: CNNIQA(
  (conv1): Conv2d(3, 50, kernel_size=(7, 7), stride=(1, 1))
  (fc1): Linear(in_features=100, out_features=800, bias=True)
  (fc2): Linear(in_features=800, out_features=800, bias=True)
  (fc3): Linear(in_features=800, out_features=1, bias=True)
  (dropout): Dropout(p=0.5, inplace=False)
)
2024-04-13 10:50:42,974 INFO: Network [CNNIQA] is created.
2024-04-13 10:50:42,974 INFO: Loss [PLCCLoss] is created.
2024-04-13 10:50:42,974 INFO: Model [GeneralIQAModel] is created xzxzx.
2024-04-13 10:50:54,444 INFO: Start training from epoch: 0, iter: 0
2024-04-13 10:51:26,246 INFO: [001_C..][epoch:  0, iter:      20, lr:(1.000e-03,)] [eta: 0:41:31, time (data): 1.590 (1.188)] l_mos: 4.1581e-01 train_metrics/srcc: 2.1559e-01 train_metrics/plcc: 1.6838e-01 train_metrics/krcc: 1.6139e-01 
2024-04-13 10:51:56,188 INFO: [001_C..][epoch:  0, iter:      40, lr:(1.000e-03,)] [eta: 1:00:11, time (data): 1.544 (1.219)] l_mos: 2.8837e-01 train_metrics/srcc: 3.5946e-01 train_metrics/plcc: 4.2326e-01 train_metrics/krcc: 2.6946e-01 
2024-04-13 10:52:32,379 INFO: [001_C..][epoch:  0, iter:      60, lr:(1.000e-03,)] [eta: 1:11:44, time (data): 1.632 (1.313)] l_mos: 2.2852e-01 train_metrics/srcc: 5.3685e-01 train_metrics/plcc: 5.4296e-01 train_metrics/krcc: 4.1934e-01 
2024-04-13 10:52:54,834 INFO: [001_C..][epoch:  1, iter:      80, lr:(1.000e-03,)] [eta: 1:08:19, time (data): 1.504 (1.206)] l_mos: 3.1765e-01 train_metrics/srcc: 3.5294e-01 train_metrics/plcc: 3.6470e-01 train_metrics/krcc: 2.4939e-01 
2024-04-13 10:53:01,083 INFO: [001_C..][epoch:  1, iter:     100, lr:(1.000e-03,)] [eta: 0:57:42, time (data): 1.266 (0.985)] l_mos: 2.2198e-01 train_metrics/srcc: 5.4873e-01 train_metrics/plcc: 5.5604e-01 train_metrics/krcc: 4.2002e-01 
2024-04-13 10:54:29,770 INFO: Validation xxxxxzdjecia_uczenie
	 # srcc: 0.6084	Best: 0.6084 @ 100 iter
	 # plcc: 0.6071	Best: 0.6071 @ 100 iter
	 # krcc: 0.4613	Best: 0.4613 @ 100 iter

2024-04-13 10:54:51,012 INFO: [001_C..][epoch:  1, iter:     120, lr:(1.000e-03,)] [eta: 1:35:14, time (data): 1.232 (0.953)] l_mos: 2.5921e-01 train_metrics/srcc: 4.8216e-01 train_metrics/plcc: 4.8157e-01 train_metrics/krcc: 3.5551e-01 
2024-04-13 10:55:18,910 INFO: [001_C..][epoch:  2, iter:     140, lr:(1.000e-03,)] [eta: 1:31:27, time (data): 1.255 (0.983)] l_mos: 1.8950e-01 train_metrics/srcc: 6.2339e-01 train_metrics/plcc: 6.2101e-01 train_metrics/krcc: 4.8987e-01 
2024-04-13 10:55:25,159 INFO: [001_C..][epoch:  2, iter:     160, lr:(1.000e-03,)] [eta: 1:21:34, time (data): 1.137 (0.873)] l_mos: 2.2312e-01 train_metrics/srcc: 5.3559e-01 train_metrics/plcc: 5.5376e-01 train_metrics/krcc: 4.0646e-01 
2024-04-13 10:55:31,725 INFO: [001_C..][epoch:  2, iter:     180, lr:(1.000e-03,)] [eta: 1:13:57, time (data): 1.047 (0.787)] l_mos: 1.6029e-01 train_metrics/srcc: 6.8801e-01 train_metrics/plcc: 6.7942e-01 train_metrics/krcc: 5.3168e-01 
2024-04-13 10:55:49,289 INFO: [001_C..][epoch:  3, iter:     200, lr:(1.000e-03,)] [eta: 1:10:35, time (data): 1.030 (0.772)] l_mos: 1.7204e-01 train_metrics/srcc: 6.3820e-01 train_metrics/plcc: 6.5592e-01 train_metrics/krcc: 4.9388e-01 
2024-04-13 10:57:18,003 INFO: Validation xxxxxzdjecia_uczenie
	 # srcc: 0.6866	Best: 0.6866 @ 200 iter
	 # plcc: 0.6786	Best: 0.6786 @ 200 iter
	 # krcc: 0.5353	Best: 0.5353 @ 200 iter

2024-04-13 10:57:23,020 INFO: [001_C..][epoch:  3, iter:     220, lr:(1.000e-03,)] [eta: 1:25:11, time (data): 0.247 (0.012)] l_mos: 2.1137e-01 train_metrics/srcc: 5.9101e-01 train_metrics/plcc: 5.7725e-01 train_metrics/krcc: 4.5391e-01 
2024-04-13 10:57:27,878 INFO: [001_C..][epoch:  3, iter:     240, lr:(1.000e-03,)] [eta: 1:18:37, time (data): 0.245 (0.023)] l_mos: 2.0257e-01 train_metrics/srcc: 5.9012e-01 train_metrics/plcc: 5.9486e-01 train_metrics/krcc: 4.4099e-01 
2024-04-13 10:57:44,727 INFO: [001_C..][epoch:  4, iter:     260, lr:(1.000e-03,)] [eta: 1:15:19, time (data): 0.447 (0.227)] l_mos: 1.8323e-01 train_metrics/srcc: 6.7039e-01 train_metrics/plcc: 6.3354e-01 train_metrics/krcc: 5.1090e-01 
2024-04-13 10:57:49,388 INFO: [001_C..][epoch:  4, iter:     280, lr:(1.000e-03,)] [eta: 1:10:19, time (data): 0.393 (0.173)] l_mos: 2.0659e-01 train_metrics/srcc: 5.8304e-01 train_metrics/plcc: 5.8682e-01 train_metrics/krcc: 4.5267e-01 
2024-04-13 10:57:54,084 INFO: [001_C..][epoch:  4, iter:     300, lr:(1.000e-03,)] [eta: 1:05:58, time (data): 0.361 (0.141)] l_mos: 1.3011e-01 train_metrics/srcc: 7.2741e-01 train_metrics/plcc: 7.3978e-01 train_metrics/krcc: 5.8650e-01 
2024-04-13 10:59:22,943 INFO: Validation xxxxxzdjecia_uczenie
	 # srcc: 0.6739	Best: 0.6866 @ 200 iter
	 # plcc: 0.6699	Best: 0.6786 @ 200 iter
	 # krcc: 0.5191	Best: 0.5353 @ 200 iter

2024-04-13 10:59:42,970 INFO: [001_C..][epoch:  4, iter:     320, lr:(1.000e-03,)] [eta: 1:18:00, time (data): 0.469 (0.241)] l_mos: 1.5476e-01 train_metrics/srcc: 6.7254e-01 train_metrics/plcc: 6.9049e-01 train_metrics/krcc: 5.2437e-01 
2024-04-13 10:59:59,967 INFO: [001_C..][epoch:  5, iter:     340, lr:(1.000e-03,)] [eta: 1:15:20, time (data): 0.524 (0.295)] l_mos: 1.4469e-01 train_metrics/srcc: 6.9723e-01 train_metrics/plcc: 7.1063e-01 train_metrics/krcc: 5.3459e-01 
2024-04-13 11:00:04,638 INFO: [001_C..][epoch:  5, iter:     360, lr:(1.000e-03,)] [eta: 1:11:18, time (data): 0.487 (0.260)] l_mos: 1.4229e-01 train_metrics/srcc: 7.1921e-01 train_metrics/plcc: 7.1543e-01 train_metrics/krcc: 5.6625e-01 
2024-04-13 11:00:09,262 INFO: [001_C..][epoch:  5, iter:     380, lr:(1.000e-03,)] [eta: 1:07:40, time (data): 0.459 (0.233)] l_mos: 1.7822e-01 train_metrics/srcc: 6.4248e-01 train_metrics/plcc: 6.4357e-01 train_metrics/krcc: 5.0941e-01 
2024-04-13 11:00:26,409 INFO: [001_C..][epoch:  6, iter:     400, lr:(1.000e-03,)] [eta: 1:05:52, time (data): 0.498 (0.271)] l_mos: 1.5441e-01 train_metrics/srcc: 7.0876e-01 train_metrics/plcc: 6.9118e-01 train_metrics/krcc: 5.4527e-01 
2024-04-13 11:01:58,611 INFO: Validation xxxxxzdjecia_uczenie
	 # srcc: 0.6952	Best: 0.6952 @ 400 iter
	 # plcc: 0.6946	Best: 0.6946 @ 400 iter
	 # krcc: 0.5381	Best: 0.5381 @ 400 iter

2024-04-13 11:02:31,214 INFO: [001_C..][epoch:  6, iter:     420, lr:(1.000e-03,)] [eta: 1:16:17, time (data): 1.777 (1.511)] l_mos: 1.6301e-01 train_metrics/srcc: 6.7404e-01 train_metrics/plcc: 6.7398e-01 train_metrics/krcc: 5.3996e-01 
2024-04-13 11:03:30,629 INFO: [001_C..][epoch:  6, iter:     440, lr:(1.000e-03,)] [eta: 1:18:37, time (data): 2.405 (2.124)] l_mos: 2.1630e-01 train_metrics/srcc: 5.8134e-01 train_metrics/plcc: 5.6741e-01 train_metrics/krcc: 4.3349e-01 
2024-04-13 11:04:22,272 INFO: [001_C..][epoch:  7, iter:     460, lr:(1.000e-03,)] [eta: 1:19:52, time (data): 2.466 (2.181)] l_mos: 1.5056e-01 train_metrics/srcc: 6.9698e-01 train_metrics/plcc: 6.9888e-01 train_metrics/krcc: 5.3924e-01 
2024-04-13 11:04:45,407 INFO: [001_C..][epoch:  7, iter:     480, lr:(1.000e-03,)] [eta: 1:18:13, time (data): 2.131 (1.847)] l_mos: 1.5963e-01 train_metrics/srcc: 6.4346e-01 train_metrics/plcc: 6.8075e-01 train_metrics/krcc: 5.2062e-01 
2024-04-13 11:05:20,704 INFO: [001_C..][epoch:  7, iter:     500, lr:(1.000e-03,)] [eta: 1:17:47, time (data): 2.056 (1.770)] l_mos: 1.4198e-01 train_metrics/srcc: 7.3032e-01 train_metrics/plcc: 7.1604e-01 train_metrics/krcc: 5.8915e-01 
2024-04-13 11:05:20,704 INFO: Saving latest models and training states.
2024-04-13 11:06:50,518 INFO: Validation xxxxxzdjecia_uczenie
	 # srcc: 0.6972	Best: 0.6972 @ 500 iter
	 # plcc: 0.6980	Best: 0.6980 @ 500 iter
	 # krcc: 0.5447	Best: 0.5447 @ 500 iter

2024-04-13 11:07:21,604 INFO: [001_C..][epoch:  8, iter:     520, lr:(1.000e-03,)] [eta: 1:24:49, time (data): 1.971 (1.690)] l_mos: 1.4077e-01 train_metrics/srcc: 7.3681e-01 train_metrics/plcc: 7.1847e-01 train_metrics/krcc: 5.9429e-01 
2024-04-13 11:07:43,419 INFO: [001_C..][epoch:  8, iter:     540, lr:(1.000e-03,)] [eta: 1:22:54, time (data): 1.843 (1.567)] l_mos: 1.8751e-01 train_metrics/srcc: 6.1761e-01 train_metrics/plcc: 6.2498e-01 train_metrics/krcc: 4.6102e-01 
2024-04-13 11:08:20,201 INFO: [001_C..][epoch:  8, iter:     560, lr:(1.000e-03,)] [eta: 1:22:17, time (data): 1.843 (1.562)] l_mos: 1.7583e-01 train_metrics/srcc: 6.4875e-01 train_metrics/plcc: 6.4834e-01 train_metrics/krcc: 5.2142e-01 
2024-04-13 11:09:09,643 INFO: [001_C..][epoch:  9, iter:     580, lr:(1.000e-03,)] [eta: 1:22:39, time (data): 1.914 (1.630)] l_mos: 1.6657e-01 train_metrics/srcc: 6.6609e-01 train_metrics/plcc: 6.6687e-01 train_metrics/krcc: 5.0949e-01 
2024-04-13 11:09:18,282 INFO: [001_C..][epoch:  9, iter:     600, lr:(1.000e-03,)] [eta: 1:19:56, time (data): 1.764 (1.488)] l_mos: 9.3347e-02 train_metrics/srcc: 8.0966e-01 train_metrics/plcc: 8.1331e-01 train_metrics/krcc: 6.6592e-01 
2024-04-13 11:10:48,037 INFO: Validation xxxxxzdjecia_uczenie
	 # srcc: 0.7122	Best: 0.7122 @ 600 iter
	 # plcc: 0.7100	Best: 0.7100 @ 600 iter
	 # krcc: 0.5559	Best: 0.5559 @ 600 iter

2024-04-13 11:11:18,598 INFO: [001_C..][epoch:  9, iter:     620, lr:(1.000e-03,)] [eta: 1:25:16, time (data): 1.744 (1.481)] l_mos: 1.6704e-01 train_metrics/srcc: 6.8096e-01 train_metrics/plcc: 6.6593e-01 train_metrics/krcc: 5.4315e-01 
2024-04-13 11:12:05,084 INFO: [001_C..][epoch:  9, iter:     640, lr:(1.000e-03,)] [eta: 1:25:08, time (data): 2.058 (1.804)] l_mos: 1.2990e-01 train_metrics/srcc: 7.5032e-01 train_metrics/plcc: 7.4020e-01 train_metrics/krcc: 5.7169e-01 
2024-04-13 11:12:22,549 INFO: [001_C..][epoch: 10, iter:     660, lr:(5.000e-04,)] [eta: 1:23:04, time (data): 1.642 (1.391)] l_mos: 1.2396e-01 train_metrics/srcc: 7.5337e-01 train_metrics/plcc: 7.5207e-01 train_metrics/krcc: 5.9950e-01 
2024-04-13 11:12:27,276 INFO: [001_C..][epoch: 10, iter:     680, lr:(5.000e-04,)] [eta: 1:20:18, time (data): 1.277 (1.034)] l_mos: 1.7186e-01 train_metrics/srcc: 6.1233e-01 train_metrics/plcc: 6.5628e-01 train_metrics/krcc: 4.7187e-01 
2024-04-13 11:12:31,951 INFO: [001_C..][epoch: 10, iter:     700, lr:(5.000e-04,)] [eta: 1:17:41, time (data): 1.062 (0.823)] l_mos: 1.6166e-01 train_metrics/srcc: 6.6878e-01 train_metrics/plcc: 6.7667e-01 train_metrics/krcc: 5.2172e-01 
2024-04-13 11:14:02,026 INFO: Validation xxxxxzdjecia_uczenie
	 # srcc: 0.7179	Best: 0.7179 @ 700 iter
	 # plcc: 0.7173	Best: 0.7173 @ 700 iter
	 # krcc: 0.5620	Best: 0.5620 @ 700 iter

2024-04-13 11:14:23,384 INFO: [001_C..][epoch: 11, iter:     720, lr:(5.000e-04,)] [eta: 1:21:27, time (data): 1.063 (0.826)] l_mos: 1.6475e-01 train_metrics/srcc: 6.6483e-01 train_metrics/plcc: 6.7050e-01 train_metrics/krcc: 4.9909e-01 
2024-04-13 11:14:37,475 INFO: [001_C..][epoch: 11, iter:     740, lr:(5.000e-04,)] [eta: 1:19:25, time (data): 1.011 (0.777)] l_mos: 1.3915e-01 train_metrics/srcc: 7.1082e-01 train_metrics/plcc: 7.2169e-01 train_metrics/krcc: 5.4820e-01 
2024-04-13 11:14:53,472 INFO: [001_C..][epoch: 11, iter:     760, lr:(5.000e-04,)] [eta: 1:17:35, time (data): 0.984 (0.747)] l_mos: 1.5627e-01 train_metrics/srcc: 6.8161e-01 train_metrics/plcc: 6.8745e-01 train_metrics/krcc: 5.4730e-01 
2024-04-13 11:15:19,438 INFO: [001_C..][epoch: 12, iter:     780, lr:(5.000e-04,)] [eta: 1:16:22, time (data): 1.019 (0.779)] l_mos: 8.9213e-02 train_metrics/srcc: 8.2355e-01 train_metrics/plcc: 8.2157e-01 train_metrics/krcc: 6.8575e-01 
2024-04-13 11:15:24,167 INFO: [001_C..][epoch: 12, iter:     800, lr:(5.000e-04,)] [eta: 1:14:05, time (data): 0.940 (0.702)] l_mos: 1.4969e-01 train_metrics/srcc: 6.8442e-01 train_metrics/plcc: 7.0061e-01 train_metrics/krcc: 5.3553e-01 
2024-04-13 11:16:54,126 INFO: Validation xxxxxzdjecia_uczenie
	 # srcc: 0.6931	Best: 0.7179 @ 700 iter
	 # plcc: 0.6952	Best: 0.7173 @ 700 iter
	 # krcc: 0.5377	Best: 0.5620 @ 700 iter

2024-04-13 11:17:30,765 INFO: [001_C..][epoch: 12, iter:     820, lr:(5.000e-04,)] [eta: 1:17:56, time (data): 2.212 (1.944)] l_mos: 1.8007e-01 train_metrics/srcc: 6.3903e-01 train_metrics/plcc: 6.3986e-01 train_metrics/krcc: 5.0448e-01 
2024-04-13 11:18:17,758 INFO: [001_C..][epoch: 13, iter:     840, lr:(5.000e-04,)] [eta: 1:17:42, time (data): 2.288 (2.025)] l_mos: 1.5229e-01 train_metrics/srcc: 6.8711e-01 train_metrics/plcc: 6.9542e-01 train_metrics/krcc: 5.4883e-01 
2024-04-13 11:18:28,633 INFO: [001_C..][epoch: 13, iter:     860, lr:(5.000e-04,)] [eta: 1:15:46, time (data): 1.665 (1.421)] l_mos: 1.2597e-01 train_metrics/srcc: 7.3907e-01 train_metrics/plcc: 7.4807e-01 train_metrics/krcc: 5.8691e-01 
2024-04-13 11:18:48,420 INFO: [001_C..][epoch: 13, iter:     880, lr:(5.000e-04,)] [eta: 1:14:19, time (data): 1.487 (1.235)] l_mos: 1.7838e-01 train_metrics/srcc: 6.4300e-01 train_metrics/plcc: 6.4323e-01 train_metrics/krcc: 4.9979e-01 
2024-04-13 11:19:28,443 INFO: [001_C..][epoch: 14, iter:     900, lr:(5.000e-04,)] [eta: 1:13:47, time (data): 1.594 (1.331)] l_mos: 1.8992e-01 train_metrics/srcc: 5.7051e-01 train_metrics/plcc: 6.2016e-01 train_metrics/krcc: 4.3754e-01 
2024-04-13 11:20:57,738 INFO: Validation xxxxxzdjecia_uczenie
	 # srcc: 0.7049	Best: 0.7179 @ 700 iter
	 # plcc: 0.7055	Best: 0.7173 @ 700 iter
	 # krcc: 0.5472	Best: 0.5620 @ 700 iter

2024-04-13 11:21:17,780 INFO: [001_C..][epoch: 14, iter:     920, lr:(5.000e-04,)] [eta: 1:16:11, time (data): 1.492 (1.228)] l_mos: 1.1753e-01 train_metrics/srcc: 7.7745e-01 train_metrics/plcc: 7.6493e-01 train_metrics/krcc: 6.3288e-01 
2024-04-13 11:21:51,920 INFO: [001_C..][epoch: 14, iter:     940, lr:(5.000e-04,)] [eta: 1:15:19, time (data): 1.524 (1.261)] l_mos: 1.3349e-01 train_metrics/srcc: 7.1035e-01 train_metrics/plcc: 7.3301e-01 train_metrics/krcc: 5.8612e-01 
2024-04-13 11:22:21,137 INFO: [001_C..][epoch: 14, iter:     960, lr:(5.000e-04,)] [eta: 1:14:16, time (data): 1.516 (1.256)] l_mos: 2.0953e-01 train_metrics/srcc: 5.9244e-01 train_metrics/plcc: 5.8093e-01 train_metrics/krcc: 4.8239e-01 
2024-04-13 11:22:40,586 INFO: [001_C..][epoch: 15, iter:     980, lr:(5.000e-04,)] [eta: 1:12:52, time (data): 1.454 (1.198)] l_mos: 9.2216e-02 train_metrics/srcc: 8.2914e-01 train_metrics/plcc: 8.1557e-01 train_metrics/krcc: 6.8470e-01 
2024-04-13 11:22:51,088 INFO: [001_C..][epoch: 15, iter:   1,000, lr:(5.000e-04,)] [eta: 1:11:11, time (data): 1.359 (1.108)] l_mos: 2.0380e-01 train_metrics/srcc: 5.8810e-01 train_metrics/plcc: 5.9239e-01 train_metrics/krcc: 4.6090e-01 
2024-04-13 11:22:51,088 INFO: Saving latest models and training states.
2024-04-13 11:24:21,795 INFO: Validation xxxxxzdjecia_uczenie
	 # srcc: 0.7276	Best: 0.7276 @ 1000 iter
	 # plcc: 0.7267	Best: 0.7267 @ 1000 iter
	 # krcc: 0.5713	Best: 0.5713 @ 1000 iter

2024-04-13 11:24:51,018 INFO: [001_C..][epoch: 15, iter:   1,020, lr:(5.000e-04,)] [eta: 1:13:32, time (data): 1.847 (1.584)] l_mos: 9.6158e-02 train_metrics/srcc: 8.0134e-01 train_metrics/plcc: 8.0768e-01 train_metrics/krcc: 6.5760e-01 
2024-04-13 11:25:27,471 INFO: [001_C..][epoch: 16, iter:   1,040, lr:(5.000e-04,)] [eta: 1:12:45, time (data): 1.833 (1.573)] l_mos: 1.4385e-01 train_metrics/srcc: 6.6784e-01 train_metrics/plcc: 7.1230e-01 train_metrics/krcc: 5.3022e-01 
2024-04-13 11:25:53,632 INFO: [001_C..][epoch: 16, iter:   1,060, lr:(5.000e-04,)] [eta: 1:11:38, time (data): 1.642 (1.383)] l_mos: 1.9989e-01 train_metrics/srcc: 6.0022e-01 train_metrics/plcc: 6.0022e-01 train_metrics/krcc: 4.6715e-01 
2024-04-13 11:26:19,416 INFO: [001_C..][epoch: 16, iter:   1,080, lr:(5.000e-04,)] [eta: 1:10:32, time (data): 1.548 (1.294)] l_mos: 1.3992e-01 train_metrics/srcc: 7.2659e-01 train_metrics/plcc: 7.2016e-01 train_metrics/krcc: 5.6369e-01 
2024-04-13 11:26:43,367 INFO: [001_C..][epoch: 17, iter:   1,100, lr:(5.000e-04,)] [eta: 1:09:23, time (data): 1.474 (1.221)] l_mos: 1.2079e-01 train_metrics/srcc: 7.6600e-01 train_metrics/plcc: 7.5843e-01 train_metrics/krcc: 6.0056e-01 
2024-04-13 11:28:12,646 INFO: Validation xxxxxzdjecia_uczenie
	 # srcc: 0.7219	Best: 0.7276 @ 1000 iter
	 # plcc: 0.7211	Best: 0.7267 @ 1000 iter
	 # krcc: 0.5654	Best: 0.5713 @ 1000 iter

2024-04-13 11:28:17,776 INFO: [001_C..][epoch: 17, iter:   1,120, lr:(5.000e-04,)] [eta: 1:10:30, time (data): 1.262 (1.011)] l_mos: 1.5934e-01 train_metrics/srcc: 6.8602e-01 train_metrics/plcc: 6.8132e-01 train_metrics/krcc: 5.3010e-01 
2024-04-13 11:28:22,381 INFO: [001_C..][epoch: 17, iter:   1,140, lr:(5.000e-04,)] [eta: 1:08:46, time (data): 1.110 (0.864)] l_mos: 1.5887e-01 train_metrics/srcc: 6.4838e-01 train_metrics/plcc: 6.8226e-01 train_metrics/krcc: 5.0852e-01 
2024-04-13 11:28:39,021 INFO: [001_C..][epoch: 18, iter:   1,160, lr:(5.000e-04,)] [eta: 1:07:26, time (data): 1.074 (0.831)] l_mos: 1.3798e-01 train_metrics/srcc: 6.8860e-01 train_metrics/plcc: 7.2403e-01 train_metrics/krcc: 5.6065e-01 
2024-04-13 11:28:43,696 INFO: [001_C..][epoch: 18, iter:   1,180, lr:(5.000e-04,)] [eta: 1:05:48, time (data): 0.978 (0.738)] l_mos: 1.7224e-01 train_metrics/srcc: 6.5717e-01 train_metrics/plcc: 6.5552e-01 train_metrics/krcc: 5.1248e-01 
2024-04-13 11:28:48,354 INFO: [001_C..][epoch: 18, iter:   1,200, lr:(5.000e-04,)] [eta: 1:04:12, time (data): 0.901 (0.664)] l_mos: 8.0530e-02 train_metrics/srcc: 8.4234e-01 train_metrics/plcc: 8.3894e-01 train_metrics/krcc: 6.9534e-01 
2024-04-13 11:30:16,708 INFO: Validation xxxxxzdjecia_uczenie
	 # srcc: 0.7265	Best: 0.7276 @ 1000 iter
	 # plcc: 0.7265	Best: 0.7267 @ 1000 iter
	 # krcc: 0.5699	Best: 0.5713 @ 1000 iter

2024-04-13 11:30:34,264 INFO: [001_C..][epoch: 19, iter:   1,220, lr:(5.000e-04,)] [eta: 1:05:28, time (data): 1.123 (0.902)] l_mos: 1.5486e-01 train_metrics/srcc: 7.2686e-01 train_metrics/plcc: 6.9027e-01 train_metrics/krcc: 5.8083e-01 
2024-04-13 11:30:38,936 INFO: [001_C..][epoch: 19, iter:   1,240, lr:(5.000e-04,)] [eta: 1:03:54, time (data): 0.600 (0.380)] l_mos: 1.2425e-01 train_metrics/srcc: 7.2613e-01 train_metrics/plcc: 7.5150e-01 train_metrics/krcc: 5.9131e-01 
2024-04-13 11:30:43,575 INFO: [001_C..][epoch: 19, iter:   1,260, lr:(5.000e-04,)] [eta: 1:02:23, time (data): 0.464 (0.245)] l_mos: 1.3074e-01 train_metrics/srcc: 7.3308e-01 train_metrics/plcc: 7.3852e-01 train_metrics/krcc: 5.8288e-01 
2024-04-13 11:30:48,168 INFO: [001_C..][epoch: 19, iter:   1,280, lr:(5.000e-04,)] [eta: 1:00:55, time (data): 0.400 (0.182)] l_mos: 7.0293e-02 train_metrics/srcc: 8.4173e-01 train_metrics/plcc: 8.5941e-01 train_metrics/krcc: 6.8557e-01 
2024-04-13 11:31:04,992 INFO: [001_C..][epoch: 20, iter:   1,300, lr:(2.500e-04,)] [eta: 0:59:47, time (data): 0.494 (0.273)] l_mos: 1.1444e-01 train_metrics/srcc: 7.7097e-01 train_metrics/plcc: 7.7112e-01 train_metrics/krcc: 6.1695e-01 
2024-04-13 11:32:34,012 INFO: Validation xxxxxzdjecia_uczenie
	 # srcc: 0.7245	Best: 0.7276 @ 1000 iter
	 # plcc: 0.7245	Best: 0.7267 @ 1000 iter
	 # krcc: 0.5664	Best: 0.5713 @ 1000 iter

2024-04-13 11:32:39,011 INFO: [001_C..][epoch: 20, iter:   1,320, lr:(2.500e-04,)] [eta: 1:00:34, time (data): 0.451 (0.227)] l_mos: 2.0668e-01 train_metrics/srcc: 5.3979e-01 train_metrics/plcc: 5.8664e-01 train_metrics/krcc: 4.2397e-01 
2024-04-13 11:32:43,593 INFO: [001_C..][epoch: 20, iter:   1,340, lr:(2.500e-04,)] [eta: 0:59:09, time (data): 0.418 (0.196)] l_mos: 1.1820e-01 train_metrics/srcc: 7.6190e-01 train_metrics/plcc: 7.6361e-01 train_metrics/krcc: 6.2381e-01 
2024-04-13 11:33:00,476 INFO: [001_C..][epoch: 21, iter:   1,360, lr:(2.500e-04,)] [eta: 0:58:04, time (data): 0.473 (0.250)] l_mos: 1.3987e-01 train_metrics/srcc: 6.9432e-01 train_metrics/plcc: 7.2026e-01 train_metrics/krcc: 5.6017e-01 
2024-04-13 11:33:05,162 INFO: [001_C..][epoch: 21, iter:   1,380, lr:(2.500e-04,)] [eta: 0:56:43, time (data): 0.446 (0.223)] l_mos: 1.3979e-01 train_metrics/srcc: 7.2896e-01 train_metrics/plcc: 7.2042e-01 train_metrics/krcc: 5.7299e-01 
2024-04-13 11:33:09,838 INFO: [001_C..][epoch: 21, iter:   1,400, lr:(2.500e-04,)] [eta: 0:55:25, time (data): 0.424 (0.202)] l_mos: 1.0803e-01 train_metrics/srcc: 7.8740e-01 train_metrics/plcc: 7.8394e-01 train_metrics/krcc: 6.4393e-01 
2024-04-13 11:34:37,683 INFO: Validation xxxxxzdjecia_uczenie
	 # srcc: 0.7285	Best: 0.7285 @ 1400 iter
	 # plcc: 0.7286	Best: 0.7286 @ 1400 iter
	 # krcc: 0.5704	Best: 0.5704 @ 1400 iter

2024-04-13 11:34:55,043 INFO: [001_C..][epoch: 22, iter:   1,420, lr:(2.500e-04,)] [eta: 0:56:18, time (data): 1.180 (0.943)] l_mos: 1.3003e-01 train_metrics/srcc: 7.4552e-01 train_metrics/plcc: 7.3993e-01 train_metrics/krcc: 5.9466e-01 
2024-04-13 11:34:59,636 INFO: [001_C..][epoch: 22, iter:   1,440, lr:(2.500e-04,)] [eta: 0:55:01, time (data): 0.604 (0.381)] l_mos: 7.3311e-02 train_metrics/srcc: 8.4866e-01 train_metrics/plcc: 8.5338e-01 train_metrics/krcc: 6.9340e-01 
2024-04-13 11:35:04,276 INFO: [001_C..][epoch: 22, iter:   1,460, lr:(2.500e-04,)] [eta: 0:53:45, time (data): 0.464 (0.243)] l_mos: 1.5163e-01 train_metrics/srcc: 6.7864e-01 train_metrics/plcc: 6.9674e-01 train_metrics/krcc: 5.4359e-01 
2024-04-13 11:35:20,929 INFO: [001_C..][epoch: 23, iter:   1,480, lr:(2.500e-04,)] [eta: 0:52:46, time (data): 0.565 (0.344)] l_mos: 1.1616e-01 train_metrics/srcc: 7.6024e-01 train_metrics/plcc: 7.6769e-01 train_metrics/krcc: 5.9909e-01 
2024-04-13 11:35:25,577 INFO: [001_C..][epoch: 23, iter:   1,500, lr:(2.500e-04,)] [eta: 0:51:34, time (data): 0.493 (0.273)] l_mos: 7.0308e-02 train_metrics/srcc: 8.3765e-01 train_metrics/plcc: 8.5938e-01 train_metrics/krcc: 6.8255e-01 
2024-04-13 11:35:25,577 INFO: Saving latest models and training states.
2024-04-13 11:36:53,852 INFO: Validation xxxxxzdjecia_uczenie
	 # srcc: 0.7084	Best: 0.7285 @ 1400 iter
	 # plcc: 0.7046	Best: 0.7286 @ 1400 iter
	 # krcc: 0.5493	Best: 0.5704 @ 1400 iter

2024-04-13 11:36:58,953 INFO: [001_C..][epoch: 23, iter:   1,520, lr:(2.500e-04,)] [eta: 0:52:04, time (data): 0.451 (0.227)] l_mos: 1.2025e-01 train_metrics/srcc: 7.3289e-01 train_metrics/plcc: 7.5949e-01 train_metrics/krcc: 5.8947e-01 
2024-04-13 11:37:15,752 INFO: [001_C..][epoch: 24, iter:   1,540, lr:(2.500e-04,)] [eta: 0:51:07, time (data): 0.509 (0.285)] l_mos: 1.1763e-01 train_metrics/srcc: 7.5645e-01 train_metrics/plcc: 7.6473e-01 train_metrics/krcc: 6.0497e-01 
2024-04-13 11:37:20,414 INFO: [001_C..][epoch: 24, iter:   1,560, lr:(2.500e-04,)] [eta: 0:49:57, time (data): 0.473 (0.250)] l_mos: 7.7689e-02 train_metrics/srcc: 8.4191e-01 train_metrics/plcc: 8.4462e-01 train_metrics/krcc: 6.9435e-01 
2024-04-13 11:37:25,128 INFO: [001_C..][epoch: 24, iter:   1,580, lr:(2.500e-04,)] [eta: 0:48:49, time (data): 0.446 (0.223)] l_mos: 1.3865e-01 train_metrics/srcc: 7.2281e-01 train_metrics/plcc: 7.2270e-01 train_metrics/krcc: 5.7632e-01 
2024-04-13 11:37:29,728 INFO: [001_C..][epoch: 24, iter:   1,600, lr:(2.500e-04,)] [eta: 0:47:43, time (data): 0.423 (0.201)] l_mos: 1.4545e-01 train_metrics/srcc: 7.0828e-01 train_metrics/plcc: 7.0910e-01 train_metrics/krcc: 5.7391e-01 
2024-04-13 11:38:58,579 INFO: Validation xxxxxzdjecia_uczenie
	 # srcc: 0.7339	Best: 0.7339 @ 1600 iter
	 # plcc: 0.7323	Best: 0.7323 @ 1600 iter
	 # krcc: 0.5765	Best: 0.5765 @ 1600 iter

2024-04-13 11:39:15,434 INFO: [001_C..][epoch: 25, iter:   1,620, lr:(2.500e-04,)] [eta: 0:48:19, time (data): 0.233 (0.016)] l_mos: 1.3721e-01 train_metrics/srcc: 7.2096e-01 train_metrics/plcc: 7.2558e-01 train_metrics/krcc: 5.8067e-01 
2024-04-13 11:39:20,168 INFO: [001_C..][epoch: 25, iter:   1,640, lr:(2.500e-04,)] [eta: 0:47:13, time (data): 0.235 (0.014)] l_mos: 1.3866e-01 train_metrics/srcc: 7.1176e-01 train_metrics/plcc: 7.2269e-01 train_metrics/krcc: 5.7046e-01 
2024-04-13 11:39:24,860 INFO: [001_C..][epoch: 25, iter:   1,660, lr:(2.500e-04,)] [eta: 0:46:09, time (data): 0.235 (0.015)] l_mos: 1.3811e-01 train_metrics/srcc: 7.2508e-01 train_metrics/plcc: 7.2377e-01 train_metrics/krcc: 5.7657e-01 
2024-04-13 11:39:41,720 INFO: [001_C..][epoch: 26, iter:   1,680, lr:(2.500e-04,)] [eta: 0:45:17, time (data): 0.404 (0.180)] l_mos: 1.5788e-01 train_metrics/srcc: 6.8956e-01 train_metrics/plcc: 6.8425e-01 train_metrics/krcc: 5.5428e-01 
2024-04-13 11:39:46,395 INFO: [001_C..][epoch: 26, iter:   1,700, lr:(2.500e-04,)] [eta: 0:44:15, time (data): 0.367 (0.144)] l_mos: 1.3577e-01 train_metrics/srcc: 7.2007e-01 train_metrics/plcc: 7.2847e-01 train_metrics/krcc: 5.6958e-01 
2024-04-13 11:41:15,103 INFO: Validation xxxxxzdjecia_uczenie
	 # srcc: 0.7236	Best: 0.7339 @ 1600 iter
	 # plcc: 0.7247	Best: 0.7323 @ 1600 iter
	 # krcc: 0.5642	Best: 0.5765 @ 1600 iter

2024-04-13 11:41:20,232 INFO: [001_C..][epoch: 26, iter:   1,720, lr:(2.500e-04,)] [eta: 0:44:34, time (data): 0.347 (0.121)] l_mos: 1.1796e-01 train_metrics/srcc: 7.5055e-01 train_metrics/plcc: 7.6407e-01 train_metrics/krcc: 5.9688e-01 
2024-04-13 11:41:36,956 INFO: [001_C..][epoch: 27, iter:   1,740, lr:(2.500e-04,)] [eta: 0:43:43, time (data): 0.421 (0.196)] l_mos: 1.4258e-01 train_metrics/srcc: 7.0674e-01 train_metrics/plcc: 7.1484e-01 train_metrics/krcc: 5.6788e-01 
2024-04-13 11:41:41,622 INFO: [001_C..][epoch: 27, iter:   1,760, lr:(2.500e-04,)] [eta: 0:42:43, time (data): 0.396 (0.172)] l_mos: 1.3204e-01 train_metrics/srcc: 7.2182e-01 train_metrics/plcc: 7.3591e-01 train_metrics/krcc: 5.8510e-01 
2024-04-13 11:41:46,277 INFO: [001_C..][epoch: 27, iter:   1,780, lr:(2.500e-04,)] [eta: 0:41:44, time (data): 0.377 (0.154)] l_mos: 1.2854e-01 train_metrics/srcc: 7.5254e-01 train_metrics/plcc: 7.4291e-01 train_metrics/krcc: 6.0765e-01 
2024-04-13 11:42:03,007 INFO: [001_C..][epoch: 28, iter:   1,800, lr:(2.500e-04,)] [eta: 0:40:56, time (data): 0.425 (0.201)] l_mos: 1.2025e-01 train_metrics/srcc: 7.5794e-01 train_metrics/plcc: 7.5951e-01 train_metrics/krcc: 5.9798e-01 
2024-04-13 11:43:31,671 INFO: Validation xxxxxzdjecia_uczenie
	 # srcc: 0.7312	Best: 0.7339 @ 1600 iter
	 # plcc: 0.7313	Best: 0.7323 @ 1600 iter
	 # krcc: 0.5740	Best: 0.5765 @ 1600 iter

2024-04-13 11:43:41,708 INFO: [001_C..][epoch: 28, iter:   1,820, lr:(2.500e-04,)] [eta: 0:41:13, time (data): 0.690 (0.489)] l_mos: 1.0197e-01 train_metrics/srcc: 7.9441e-01 train_metrics/plcc: 7.9605e-01 train_metrics/krcc: 6.6029e-01 
2024-04-13 11:43:56,323 INFO: [001_C..][epoch: 28, iter:   1,840, lr:(2.500e-04,)] [eta: 0:40:23, time (data): 0.716 (0.515)] l_mos: 1.4515e-01 train_metrics/srcc: 7.1528e-01 train_metrics/plcc: 7.0970e-01 train_metrics/krcc: 5.7377e-01 
2024-04-13 11:44:19,424 INFO: [001_C..][epoch: 29, iter:   1,860, lr:(2.500e-04,)] [eta: 0:39:40, time (data): 0.888 (0.682)] l_mos: 8.1508e-02 train_metrics/srcc: 8.5123e-01 train_metrics/plcc: 8.3698e-01 train_metrics/krcc: 7.1404e-01 
2024-04-13 11:44:24,177 INFO: [001_C..][epoch: 29, iter:   1,880, lr:(2.500e-04,)] [eta: 0:38:44, time (data): 0.705 (0.495)] l_mos: 1.1359e-01 train_metrics/srcc: 7.7299e-01 train_metrics/plcc: 7.7281e-01 train_metrics/krcc: 6.1451e-01 
2024-04-13 11:44:28,892 INFO: [001_C..][epoch: 29, iter:   1,900, lr:(2.500e-04,)] [eta: 0:37:49, time (data): 0.602 (0.390)] l_mos: 1.1019e-01 train_metrics/srcc: 7.7714e-01 train_metrics/plcc: 7.7963e-01 train_metrics/krcc: 6.3040e-01 
2024-04-13 11:45:57,462 INFO: Validation xxxxxzdjecia_uczenie
	 # srcc: 0.7355	Best: 0.7355 @ 1900 iter
	 # plcc: 0.7357	Best: 0.7357 @ 1900 iter
	 # krcc: 0.5784	Best: 0.5784 @ 1900 iter

2024-04-13 11:46:03,183 INFO: [001_C..][epoch: 29, iter:   1,920, lr:(2.500e-04,)] [eta: 0:37:58, time (data): 0.545 (0.329)] l_mos: 9.2302e-02 train_metrics/srcc: 8.3019e-01 train_metrics/plcc: 8.1540e-01 train_metrics/krcc: 6.7211e-01 
2024-04-13 11:46:20,137 INFO: [001_C..][epoch: 30, iter:   1,940, lr:(1.250e-04,)] [eta: 0:37:12, time (data): 0.591 (0.373)] l_mos: 1.2138e-01 train_metrics/srcc: 7.4642e-01 train_metrics/plcc: 7.5724e-01 train_metrics/krcc: 5.9467e-01 
2024-04-13 11:46:24,791 INFO: [001_C..][epoch: 30, iter:   1,960, lr:(1.250e-04,)] [eta: 0:36:18, time (data): 0.544 (0.325)] l_mos: 9.3699e-02 train_metrics/srcc: 7.8739e-01 train_metrics/plcc: 8.1260e-01 train_metrics/krcc: 6.2830e-01 
2024-04-13 11:46:29,423 INFO: [001_C..][epoch: 30, iter:   1,980, lr:(1.250e-04,)] [eta: 0:35:26, time (data): 0.507 (0.289)] l_mos: 1.1388e-01 train_metrics/srcc: 7.6934e-01 train_metrics/plcc: 7.7224e-01 train_metrics/krcc: 6.1745e-01 
2024-04-13 11:46:46,143 INFO: [001_C..][epoch: 31, iter:   2,000, lr:(1.250e-04,)] [eta: 0:34:42, time (data): 0.542 (0.323)] l_mos: 1.4463e-01 train_metrics/srcc: 6.9824e-01 train_metrics/plcc: 7.1074e-01 train_metrics/krcc: 5.4613e-01 
2024-04-13 11:46:46,143 INFO: Saving latest models and training states.
2024-04-13 11:48:15,075 INFO: Validation xxxxxzdjecia_uczenie
	 # srcc: 0.7373	Best: 0.7373 @ 2000 iter
	 # plcc: 0.7373	Best: 0.7373 @ 2000 iter
	 # krcc: 0.5791	Best: 0.5791 @ 2000 iter

2024-04-13 11:48:20,126 INFO: [001_C..][epoch: 31, iter:   2,020, lr:(1.250e-04,)] [eta: 0:34:45, time (data): 0.230 (0.014)] l_mos: 1.2201e-01 train_metrics/srcc: 7.5346e-01 train_metrics/plcc: 7.5597e-01 train_metrics/krcc: 6.1281e-01 
2024-04-13 11:48:24,743 INFO: [001_C..][epoch: 31, iter:   2,040, lr:(1.250e-04,)] [eta: 0:33:54, time (data): 0.231 (0.015)] l_mos: 1.8835e-01 train_metrics/srcc: 6.2193e-01 train_metrics/plcc: 6.2330e-01 train_metrics/krcc: 4.8807e-01 
2024-04-13 11:48:41,443 INFO: [001_C..][epoch: 32, iter:   2,060, lr:(1.250e-04,)] [eta: 0:33:11, time (data): 0.472 (0.255)] l_mos: 1.1067e-01 train_metrics/srcc: 8.1190e-01 train_metrics/plcc: 7.7866e-01 train_metrics/krcc: 6.5286e-01 
2024-04-13 11:48:46,166 INFO: [001_C..][epoch: 32, iter:   2,080, lr:(1.250e-04,)] [eta: 0:32:21, time (data): 0.405 (0.186)] l_mos: 1.7779e-01 train_metrics/srcc: 6.3672e-01 train_metrics/plcc: 6.4442e-01 train_metrics/krcc: 4.8876e-01 
2024-04-13 11:48:50,856 INFO: [001_C..][epoch: 32, iter:   2,100, lr:(1.250e-04,)] [eta: 0:31:32, time (data): 0.367 (0.148)] l_mos: 1.3070e-01 train_metrics/srcc: 7.3437e-01 train_metrics/plcc: 7.3860e-01 train_metrics/krcc: 5.8767e-01 
2024-04-13 11:50:19,303 INFO: Validation xxxxxzdjecia_uczenie
	 # srcc: 0.7396	Best: 0.7396 @ 2100 iter
	 # plcc: 0.7402	Best: 0.7402 @ 2100 iter
	 # krcc: 0.5818	Best: 0.5818 @ 2100 iter

2024-04-13 11:50:36,432 INFO: [001_C..][epoch: 33, iter:   2,120, lr:(1.250e-04,)] [eta: 0:31:38, time (data): 0.456 (0.232)] l_mos: 9.8601e-02 train_metrics/srcc: 7.9558e-01 train_metrics/plcc: 8.0280e-01 train_metrics/krcc: 6.4993e-01 
2024-04-13 11:50:41,126 INFO: [001_C..][epoch: 33, iter:   2,140, lr:(1.250e-04,)] [eta: 0:30:49, time (data): 0.422 (0.199)] l_mos: 1.1624e-01 train_metrics/srcc: 7.7002e-01 train_metrics/plcc: 7.6752e-01 train_metrics/krcc: 6.2252e-01 
2024-04-13 11:50:45,822 INFO: [001_C..][epoch: 33, iter:   2,160, lr:(1.250e-04,)] [eta: 0:30:01, time (data): 0.397 (0.174)] l_mos: 1.3644e-01 train_metrics/srcc: 7.1542e-01 train_metrics/plcc: 7.2713e-01 train_metrics/krcc: 5.6033e-01 
2024-04-13 11:51:02,490 INFO: [001_C..][epoch: 34, iter:   2,180, lr:(1.250e-04,)] [eta: 0:29:20, time (data): 0.448 (0.226)] l_mos: 8.7095e-02 train_metrics/srcc: 8.1144e-01 train_metrics/plcc: 8.2581e-01 train_metrics/krcc: 6.6582e-01 
2024-04-13 11:51:07,177 INFO: [001_C..][epoch: 34, iter:   2,200, lr:(1.250e-04,)] [eta: 0:28:34, time (data): 0.426 (0.203)] l_mos: 1.3678e-01 train_metrics/srcc: 7.2720e-01 train_metrics/plcc: 7.2645e-01 train_metrics/krcc: 5.6496e-01 
2024-04-13 11:52:35,254 INFO: Validation xxxxxzdjecia_uczenie
	 # srcc: 0.7331	Best: 0.7396 @ 2100 iter
	 # plcc: 0.7315	Best: 0.7402 @ 2100 iter
	 # krcc: 0.5750	Best: 0.5818 @ 2100 iter

2024-04-13 11:52:40,305 INFO: [001_C..][epoch: 34, iter:   2,220, lr:(1.250e-04,)] [eta: 0:28:29, time (data): 0.227 (0.016)] l_mos: 1.3770e-01 train_metrics/srcc: 7.1035e-01 train_metrics/plcc: 7.2460e-01 train_metrics/krcc: 5.5534e-01 
2024-04-13 11:52:44,819 INFO: [001_C..][epoch: 34, iter:   2,240, lr:(1.250e-04,)] [eta: 0:27:43, time (data): 0.226 (0.015)] l_mos: 1.2927e-01 train_metrics/srcc: 7.2225e-01 train_metrics/plcc: 7.4146e-01 train_metrics/krcc: 6.1317e-01 
2024-04-13 11:53:01,605 INFO: [001_C..][epoch: 35, iter:   2,260, lr:(1.250e-04,)] [eta: 0:27:03, time (data): 0.476 (0.257)] l_mos: 5.6657e-02 train_metrics/srcc: 8.6969e-01 train_metrics/plcc: 8.8669e-01 train_metrics/krcc: 7.1880e-01 
2024-04-13 11:53:06,291 INFO: [001_C..][epoch: 35, iter:   2,280, lr:(1.250e-04,)] [eta: 0:26:18, time (data): 0.406 (0.187)] l_mos: 1.3187e-01 train_metrics/srcc: 7.4659e-01 train_metrics/plcc: 7.3625e-01 train_metrics/krcc: 5.9467e-01 
2024-04-13 11:53:10,931 INFO: [001_C..][epoch: 35, iter:   2,300, lr:(1.250e-04,)] [eta: 0:25:34, time (data): 0.367 (0.149)] l_mos: 1.0757e-01 train_metrics/srcc: 7.7438e-01 train_metrics/plcc: 7.8487e-01 train_metrics/krcc: 6.2045e-01 
2024-04-13 11:54:39,087 INFO: Validation xxxxxzdjecia_uczenie
	 # srcc: 0.7416	Best: 0.7416 @ 2300 iter
	 # plcc: 0.7417	Best: 0.7417 @ 2300 iter
	 # krcc: 0.5837	Best: 0.5837 @ 2300 iter

2024-04-13 11:54:55,978 INFO: [001_C..][epoch: 36, iter:   2,320, lr:(1.250e-04,)] [eta: 0:25:31, time (data): 0.455 (0.232)] l_mos: 1.0311e-01 train_metrics/srcc: 7.9716e-01 train_metrics/plcc: 7.9378e-01 train_metrics/krcc: 6.6408e-01 
2024-04-13 11:55:00,650 INFO: [001_C..][epoch: 36, iter:   2,340, lr:(1.250e-04,)] [eta: 0:24:47, time (data): 0.420 (0.198)] l_mos: 9.6341e-02 train_metrics/srcc: 8.1545e-01 train_metrics/plcc: 8.0732e-01 train_metrics/krcc: 6.7336e-01 
2024-04-13 11:55:05,324 INFO: [001_C..][epoch: 36, iter:   2,360, lr:(1.250e-04,)] [eta: 0:24:04, time (data): 0.395 (0.174)] l_mos: 7.2507e-02 train_metrics/srcc: 8.6604e-01 train_metrics/plcc: 8.5499e-01 train_metrics/krcc: 7.2698e-01 
2024-04-13 11:55:21,827 INFO: [001_C..][epoch: 37, iter:   2,380, lr:(1.250e-04,)] [eta: 0:23:25, time (data): 0.446 (0.225)] l_mos: 1.4717e-01 train_metrics/srcc: 7.0894e-01 train_metrics/plcc: 7.0566e-01 train_metrics/krcc: 5.3921e-01 
2024-04-13 11:55:26,486 INFO: [001_C..][epoch: 37, iter:   2,400, lr:(1.250e-04,)] [eta: 0:22:43, time (data): 0.424 (0.203)] l_mos: 8.4290e-02 train_metrics/srcc: 8.2906e-01 train_metrics/plcc: 8.3142e-01 train_metrics/krcc: 6.8438e-01 
2024-04-13 11:56:54,634 INFO: Validation xxxxxzdjecia_uczenie
	 # srcc: 0.7342	Best: 0.7416 @ 2300 iter
	 # plcc: 0.7346	Best: 0.7417 @ 2300 iter
	 # krcc: 0.5768	Best: 0.5837 @ 2300 iter

2024-04-13 11:56:59,669 INFO: [001_C..][epoch: 37, iter:   2,420, lr:(1.250e-04,)] [eta: 0:22:32, time (data): 0.232 (0.016)] l_mos: 1.2269e-01 train_metrics/srcc: 7.4215e-01 train_metrics/plcc: 7.5462e-01 train_metrics/krcc: 6.1165e-01 
2024-04-13 11:57:16,291 INFO: [001_C..][epoch: 38, iter:   2,440, lr:(1.250e-04,)] [eta: 0:21:54, time (data): 0.660 (0.439)] l_mos: 1.1344e-01 train_metrics/srcc: 7.7666e-01 train_metrics/plcc: 7.7312e-01 train_metrics/krcc: 6.2054e-01 
2024-04-13 11:57:20,968 INFO: [001_C..][epoch: 38, iter:   2,460, lr:(1.250e-04,)] [eta: 0:21:13, time (data): 0.482 (0.263)] l_mos: 9.6463e-02 train_metrics/srcc: 7.9393e-01 train_metrics/plcc: 8.0707e-01 train_metrics/krcc: 6.4406e-01 
2024-04-13 11:57:25,703 INFO: [001_C..][epoch: 38, iter:   2,480, lr:(1.250e-04,)] [eta: 0:20:32, time (data): 0.410 (0.190)] l_mos: 1.0416e-01 train_metrics/srcc: 7.7017e-01 train_metrics/plcc: 7.9167e-01 train_metrics/krcc: 6.4914e-01 
2024-04-13 11:57:42,340 INFO: [001_C..][epoch: 39, iter:   2,500, lr:(1.250e-04,)] [eta: 0:19:55, time (data): 0.506 (0.285)] l_mos: 1.1647e-01 train_metrics/srcc: 6.8354e-01 train_metrics/plcc: 7.6706e-01 train_metrics/krcc: 5.5084e-01 
2024-04-13 11:57:42,340 INFO: Saving latest models and training states.
2024-04-13 11:59:10,345 INFO: Validation xxxxxzdjecia_uczenie
	 # srcc: 0.7405	Best: 0.7416 @ 2300 iter
	 # plcc: 0.7403	Best: 0.7417 @ 2300 iter
	 # krcc: 0.5833	Best: 0.5837 @ 2300 iter

2024-04-13 11:59:15,397 INFO: [001_C..][epoch: 39, iter:   2,520, lr:(1.250e-04,)] [eta: 0:19:41, time (data): 0.459 (0.235)] l_mos: 1.9307e-01 train_metrics/srcc: 6.0710e-01 train_metrics/plcc: 6.1385e-01 train_metrics/krcc: 4.7308e-01 
2024-04-13 11:59:20,061 INFO: [001_C..][epoch: 39, iter:   2,540, lr:(1.250e-04,)] [eta: 0:19:01, time (data): 0.424 (0.201)] l_mos: 6.9753e-02 train_metrics/srcc: 8.6671e-01 train_metrics/plcc: 8.6049e-01 train_metrics/krcc: 7.1992e-01 
2024-04-13 11:59:24,647 INFO: [001_C..][epoch: 39, iter:   2,560, lr:(1.250e-04,)] [eta: 0:18:21, time (data): 0.398 (0.176)] l_mos: 9.2615e-02 train_metrics/srcc: 8.1734e-01 train_metrics/plcc: 8.1477e-01 train_metrics/krcc: 6.6405e-01 
2024-04-13 11:59:41,436 INFO: [001_C..][epoch: 40, iter:   2,580, lr:(6.250e-05,)] [eta: 0:17:45, time (data): 0.450 (0.228)] l_mos: 8.4805e-02 train_metrics/srcc: 8.3700e-01 train_metrics/plcc: 8.3039e-01 train_metrics/krcc: 6.8683e-01 
2024-04-13 11:59:46,099 INFO: [001_C..][epoch: 40, iter:   2,600, lr:(6.250e-05,)] [eta: 0:17:07, time (data): 0.427 (0.205)] l_mos: 1.1250e-01 train_metrics/srcc: 7.8078e-01 train_metrics/plcc: 7.7500e-01 train_metrics/krcc: 6.4631e-01 
2024-04-13 12:01:15,021 INFO: Validation xxxxxzdjecia_uczenie
	 # srcc: 0.7419	Best: 0.7419 @ 2600 iter
	 # plcc: 0.7418	Best: 0.7418 @ 2600 iter
	 # krcc: 0.5848	Best: 0.5848 @ 2600 iter

2024-04-13 12:01:20,354 INFO: [001_C..][epoch: 40, iter:   2,620, lr:(6.250e-05,)] [eta: 0:16:50, time (data): 0.272 (0.065)] l_mos: 1.2691e-01 train_metrics/srcc: 7.4921e-01 train_metrics/plcc: 7.4619e-01 train_metrics/krcc: 5.9652e-01 
2024-04-13 12:01:37,065 INFO: [001_C..][epoch: 41, iter:   2,640, lr:(6.250e-05,)] [eta: 0:16:14, time (data): 0.690 (0.471)] l_mos: 1.5743e-01 train_metrics/srcc: 6.6532e-01 train_metrics/plcc: 6.8515e-01 train_metrics/krcc: 5.1818e-01 
2024-04-13 12:01:41,732 INFO: [001_C..][epoch: 41, iter:   2,660, lr:(6.250e-05,)] [eta: 0:15:36, time (data): 0.495 (0.276)] l_mos: 1.2028e-01 train_metrics/srcc: 7.5950e-01 train_metrics/plcc: 7.5943e-01 train_metrics/krcc: 6.2230e-01 
2024-04-13 12:01:46,445 INFO: [001_C..][epoch: 41, iter:   2,680, lr:(6.250e-05,)] [eta: 0:14:59, time (data): 0.418 (0.199)] l_mos: 1.0406e-01 train_metrics/srcc: 7.8749e-01 train_metrics/plcc: 7.9188e-01 train_metrics/krcc: 6.4852e-01 
2024-04-13 12:02:03,133 INFO: [001_C..][epoch: 42, iter:   2,700, lr:(6.250e-05,)] [eta: 0:14:24, time (data): 0.513 (0.293)] l_mos: 8.3305e-02 train_metrics/srcc: 8.4372e-01 train_metrics/plcc: 8.3339e-01 train_metrics/krcc: 7.0313e-01 
2024-04-13 12:03:31,741 INFO: Validation xxxxxzdjecia_uczenie
	 # srcc: 0.7490	Best: 0.7490 @ 2700 iter
	 # plcc: 0.7473	Best: 0.7473 @ 2700 iter
	 # krcc: 0.5922	Best: 0.5922 @ 2700 iter

2024-04-13 12:03:53,268 INFO: [001_C..][epoch: 42, iter:   2,720, lr:(6.250e-05,)] [eta: 0:14:08, time (data): 0.619 (0.391)] l_mos: 1.2455e-01 train_metrics/srcc: 7.7381e-01 train_metrics/plcc: 7.5090e-01 train_metrics/krcc: 6.2642e-01 
2024-04-13 12:04:27,054 INFO: [001_C..][epoch: 42, iter:   2,740, lr:(6.250e-05,)] [eta: 0:13:36, time (data): 0.787 (0.537)] l_mos: 1.3220e-01 train_metrics/srcc: 7.1473e-01 train_metrics/plcc: 7.3560e-01 train_metrics/krcc: 5.6776e-01 
2024-04-13 12:05:02,333 INFO: [001_C..][epoch: 43, iter:   2,760, lr:(6.250e-05,)] [eta: 0:13:05, time (data): 0.920 (0.631)] l_mos: 1.2049e-01 train_metrics/srcc: 7.5807e-01 train_metrics/plcc: 7.5902e-01 train_metrics/krcc: 5.8881e-01 
2024-04-13 12:05:13,968 INFO: [001_C..][epoch: 43, iter:   2,780, lr:(6.250e-05,)] [eta: 0:12:29, time (data): 0.880 (0.562)] l_mos: 1.0933e-01 train_metrics/srcc: 7.5612e-01 train_metrics/plcc: 7.8135e-01 train_metrics/krcc: 6.1385e-01 
2024-04-13 12:05:25,041 INFO: [001_C..][epoch: 43, iter:   2,800, lr:(6.250e-05,)] [eta: 0:11:54, time (data): 0.845 (0.510)] l_mos: 1.3857e-01 train_metrics/srcc: 7.2984e-01 train_metrics/plcc: 7.2286e-01 train_metrics/krcc: 5.9317e-01 
2024-04-13 12:06:55,482 INFO: Validation xxxxxzdjecia_uczenie
	 # srcc: 0.7432	Best: 0.7490 @ 2700 iter
	 # plcc: 0.7407	Best: 0.7473 @ 2700 iter
	 # krcc: 0.5859	Best: 0.5922 @ 2700 iter

2024-04-13 12:07:26,716 INFO: [001_C..][epoch: 44, iter:   2,820, lr:(6.250e-05,)] [eta: 0:11:35, time (data): 3.063 (2.577)] l_mos: 5.5779e-02 train_metrics/srcc: 8.8865e-01 train_metrics/plcc: 8.8844e-01 train_metrics/krcc: 7.5782e-01 
2024-04-13 12:07:40,741 INFO: [001_C..][epoch: 44, iter:   2,840, lr:(6.250e-05,)] [eta: 0:11:00, time (data): 1.246 (0.765)] l_mos: 1.0190e-01 train_metrics/srcc: 7.8240e-01 train_metrics/plcc: 7.9619e-01 train_metrics/krcc: 6.2863e-01 
2024-04-13 12:07:56,186 INFO: [001_C..][epoch: 44, iter:   2,860, lr:(6.250e-05,)] [eta: 0:10:26, time (data): 1.040 (0.565)] l_mos: 8.7726e-02 train_metrics/srcc: 8.1543e-01 train_metrics/plcc: 8.2455e-01 train_metrics/krcc: 6.7676e-01 
2024-04-13 12:08:08,385 INFO: [001_C..][epoch: 44, iter:   2,880, lr:(6.250e-05,)] [eta: 0:09:51, time (data): 0.910 (0.430)] l_mos: 9.4688e-02 train_metrics/srcc: 7.9798e-01 train_metrics/plcc: 8.1062e-01 train_metrics/krcc: 6.5462e-01 
2024-04-13 12:08:34,499 INFO: [001_C..][epoch: 45, iter:   2,900, lr:(6.250e-05,)] [eta: 0:09:18, time (data): 1.002 (0.485)] l_mos: 9.7358e-02 train_metrics/srcc: 8.1291e-01 train_metrics/plcc: 8.0528e-01 train_metrics/krcc: 6.7708e-01 
2024-04-13 12:10:04,876 INFO: Validation xxxxxzdjecia_uczenie
	 # srcc: 0.7386	Best: 0.7490 @ 2700 iter
	 # plcc: 0.7381	Best: 0.7473 @ 2700 iter
	 # krcc: 0.5802	Best: 0.5922 @ 2700 iter

2024-04-13 12:10:26,153 INFO: [001_C..][epoch: 45, iter:   2,920, lr:(6.250e-05,)] [eta: 0:08:55, time (data): 1.014 (0.492)] l_mos: 1.1633e-01 train_metrics/srcc: 7.6739e-01 train_metrics/plcc: 7.6733e-01 train_metrics/krcc: 6.3526e-01 
2024-04-13 12:10:57,034 INFO: [001_C..][epoch: 45, iter:   2,940, lr:(6.250e-05,)] [eta: 0:08:22, time (data): 1.098 (0.580)] l_mos: 7.7167e-02 train_metrics/srcc: 8.3712e-01 train_metrics/plcc: 8.4567e-01 train_metrics/krcc: 6.9032e-01 
2024-04-13 12:11:21,688 INFO: [001_C..][epoch: 46, iter:   2,960, lr:(6.250e-05,)] [eta: 0:07:49, time (data): 1.116 (0.601)] l_mos: 7.4688e-02 train_metrics/srcc: 8.5445e-01 train_metrics/plcc: 8.5062e-01 train_metrics/krcc: 7.0213e-01 
2024-04-13 12:11:31,624 INFO: [001_C..][epoch: 46, iter:   2,980, lr:(6.250e-05,)] [eta: 0:07:15, time (data): 1.042 (0.530)] l_mos: 8.4092e-02 train_metrics/srcc: 8.2226e-01 train_metrics/plcc: 8.3182e-01 train_metrics/krcc: 6.8134e-01 
2024-04-13 12:11:41,606 INFO: [001_C..][epoch: 46, iter:   3,000, lr:(6.250e-05,)] [eta: 0:06:40, time (data): 0.983 (0.475)] l_mos: 1.1566e-01 train_metrics/srcc: 7.6090e-01 train_metrics/plcc: 7.6868e-01 train_metrics/krcc: 6.0351e-01 
2024-04-13 12:11:41,606 INFO: Saving latest models and training states.
2024-04-13 12:13:10,248 INFO: Validation xxxxxzdjecia_uczenie
	 # srcc: 0.7363	Best: 0.7490 @ 2700 iter
	 # plcc: 0.7377	Best: 0.7473 @ 2700 iter
	 # krcc: 0.5781	Best: 0.5922 @ 2700 iter

2024-04-13 12:13:32,355 INFO: [001_C..][epoch: 47, iter:   3,020, lr:(6.250e-05,)] [eta: 0:06:14, time (data): 0.516 (0.009)] l_mos: 1.3787e-01 train_metrics/srcc: 7.1004e-01 train_metrics/plcc: 7.2426e-01 train_metrics/krcc: 5.6826e-01 
2024-04-13 12:13:42,354 INFO: [001_C..][epoch: 47, iter:   3,040, lr:(6.250e-05,)] [eta: 0:05:40, time (data): 0.503 (0.013)] l_mos: 8.8114e-02 train_metrics/srcc: 8.2676e-01 train_metrics/plcc: 8.2377e-01 train_metrics/krcc: 6.9948e-01 
2024-04-13 12:13:52,372 INFO: [001_C..][epoch: 47, iter:   3,060, lr:(6.250e-05,)] [eta: 0:05:06, time (data): 0.502 (0.014)] l_mos: 7.3711e-02 train_metrics/srcc: 8.1227e-01 train_metrics/plcc: 8.5258e-01 train_metrics/krcc: 6.6391e-01 
2024-04-13 12:14:14,211 INFO: [001_C..][epoch: 48, iter:   3,080, lr:(6.250e-05,)] [eta: 0:04:33, time (data): 0.684 (0.195)] l_mos: 1.3592e-01 train_metrics/srcc: 7.2322e-01 train_metrics/plcc: 7.2815e-01 train_metrics/krcc: 5.8947e-01 
2024-04-13 12:14:24,196 INFO: [001_C..][epoch: 48, iter:   3,100, lr:(6.250e-05,)] [eta: 0:03:59, time (data): 0.640 (0.153)] l_mos: 8.9943e-02 train_metrics/srcc: 8.3182e-01 train_metrics/plcc: 8.2011e-01 train_metrics/krcc: 6.9528e-01 
2024-04-13 12:15:52,300 INFO: Validation xxxxxzdjecia_uczenie
	 # srcc: 0.7437	Best: 0.7490 @ 2700 iter
	 # plcc: 0.7434	Best: 0.7473 @ 2700 iter
	 # krcc: 0.5869	Best: 0.5922 @ 2700 iter

2024-04-13 12:16:02,588 INFO: [001_C..][epoch: 48, iter:   3,120, lr:(6.250e-05,)] [eta: 0:03:30, time (data): 0.616 (0.127)] l_mos: 9.5438e-02 train_metrics/srcc: 8.1427e-01 train_metrics/plcc: 8.0912e-01 train_metrics/krcc: 6.6961e-01 
2024-04-13 12:16:24,380 INFO: [001_C..][epoch: 49, iter:   3,140, lr:(6.250e-05,)] [eta: 0:02:57, time (data): 0.692 (0.203)] l_mos: 1.0821e-01 train_metrics/srcc: 7.8168e-01 train_metrics/plcc: 7.8359e-01 train_metrics/krcc: 6.2962e-01 
2024-04-13 12:16:34,362 INFO: [001_C..][epoch: 49, iter:   3,160, lr:(6.250e-05,)] [eta: 0:02:24, time (data): 0.665 (0.177)] l_mos: 9.3362e-02 train_metrics/srcc: 7.9381e-01 train_metrics/plcc: 8.1328e-01 train_metrics/krcc: 6.3359e-01 
2024-04-13 12:16:44,330 INFO: [001_C..][epoch: 49, iter:   3,180, lr:(6.250e-05,)] [eta: 0:01:51, time (data): 0.645 (0.157)] l_mos: 9.2330e-02 train_metrics/srcc: 8.1118e-01 train_metrics/plcc: 8.1534e-01 train_metrics/krcc: 6.5533e-01 
2024-04-13 12:16:54,093 INFO: [001_C..][epoch: 49, iter:   3,200, lr:(6.250e-05,)] [eta: 0:01:18, time (data): 0.628 (0.142)] l_mos: 1.0676e-01 train_metrics/srcc: 7.6963e-01 train_metrics/plcc: 7.8649e-01 train_metrics/krcc: 6.2309e-01 
2024-04-13 12:18:22,476 INFO: Validation xxxxxzdjecia_uczenie
	 # srcc: 0.7470	Best: 0.7490 @ 2700 iter
	 # plcc: 0.7468	Best: 0.7473 @ 2700 iter
	 # krcc: 0.5895	Best: 0.5922 @ 2700 iter

2024-04-13 12:18:44,677 INFO: [001_C..][epoch: 50, iter:   3,220, lr:(6.250e-05,)] [eta: 0:00:47, time (data): 0.496 (0.016)] l_mos: 9.5007e-02 train_metrics/srcc: 8.2699e-01 train_metrics/plcc: 8.0999e-01 train_metrics/krcc: 6.7046e-01 
2024-04-13 12:18:54,675 INFO: [001_C..][epoch: 50, iter:   3,240, lr:(6.250e-05,)] [eta: 0:00:14, time (data): 0.499 (0.016)] l_mos: 1.4274e-01 train_metrics/srcc: 7.1991e-01 train_metrics/plcc: 7.1452e-01 train_metrics/krcc: 5.6047e-01 
2024-04-13 12:18:59,674 INFO: End of training. Time consumed: 1:28:05
2024-04-13 12:18:59,674 INFO: Save the latest model.
2024-04-13 12:20:28,949 INFO: Validation xxxxxzdjecia_uczenie
	 # srcc: 0.7390	Best: 0.7490 @ 2700 iter
	 # plcc: 0.7392	Best: 0.7473 @ 2700 iter
	 # krcc: 0.5820	Best: 0.5922 @ 2700 iter

